#
# There is insufficient memory for the Java Runtime Environment to continue.
# Native memory allocation (mmap) failed to map 49283072 bytes for G1 virtual space
# Possible reasons:
#   The system is out of physical RAM or swap space
#   The process is running with CompressedOops enabled, and the Java Heap may be blocking the growth of the native heap
# Possible solutions:
#   Reduce memory load on the system
#   Increase physical memory or swap space
#   Check if swap backing store is full
#   Decrease Java heap size (-Xmx/-Xms)
#   Decrease number of Java threads
#   Decrease Java thread stack sizes (-Xss)
#   Set larger code cache with -XX:ReservedCodeCacheSize=
#   JVM is running with Unscaled Compressed Oops mode in which the Java heap is
#     placed in the first 4GB address space. The Java Heap base address is the
#     maximum limit for the native heap growth. Please use -XX:HeapBaseMinAddress
#     to set the Java Heap base and to place the Java Heap above 4GB virtual address.
# This output file may be truncated or incomplete.
#
#  Out of Memory Error (os_windows.cpp:3769), pid=22008, tid=7656
#
# JRE version: OpenJDK Runtime Environment (17.0.6) (build 17.0.6+0-b2043.56-9586694)
# Java VM: OpenJDK 64-Bit Server VM (17.0.6+0-b2043.56-9586694, mixed mode, tiered, compressed oops, compressed class ptrs, g1 gc, windows-amd64)
# No core dump will be written. Minidumps are not enabled by default on client versions of Windows
#

---------------  S U M M A R Y ------------

Command Line: --add-opens=java.base/java.util=ALL-UNNAMED --add-opens=java.base/java.lang=ALL-UNNAMED --add-opens=java.base/java.lang.invoke=ALL-UNNAMED --add-opens=java.base/java.util=ALL-UNNAMED --add-opens=java.prefs/java.util.prefs=ALL-UNNAMED --add-opens=java.prefs/java.util.prefs=ALL-UNNAMED --add-opens=java.base/java.nio.charset=ALL-UNNAMED --add-opens=java.base/java.net=ALL-UNNAMED --add-opens=java.base/java.util.concurrent.atomic=ALL-UNNAMED -Xmx2048m -Dfile.encoding=UTF-8 -Duser.country=IN -Duser.language=en -Duser.variant org.gradle.launcher.daemon.bootstrap.GradleDaemon 7.3.3

Host: Intel(R) Core(TM) i5-1035G1 CPU @ 1.00GHz, 8 cores, 11G,  Windows 10 , 64 bit Build 19041 (10.0.19041.292)
Time: Fri Jun  9 14:44:07 2023 India Standard Time elapsed time: 20.459583 seconds (0d 0h 0m 20s)

---------------  T H R E A D  ---------------

Current thread (0x000001d63552e2a0):  VMThread "VM Thread" [stack: 0x0000000382f00000,0x0000000383000000] [id=7656]

Stack: [0x0000000382f00000,0x0000000383000000]
Native frames: (J=compiled Java code, j=interpreted, Vv=VM code, C=native code)
V  [jvm.dll+0x683b4a]
V  [jvm.dll+0x842654]
V  [jvm.dll+0x843dfe]
V  [jvm.dll+0x844463]
V  [jvm.dll+0x249b75]
V  [jvm.dll+0x680a19]
V  [jvm.dll+0x674f0a]
V  [jvm.dll+0x309acb]
V  [jvm.dll+0x310f86]
V  [jvm.dll+0x3608ee]
V  [jvm.dll+0x360b1f]
V  [jvm.dll+0x2dfbf8]
V  [jvm.dll+0x2ddec4]
V  [jvm.dll+0x2dd4cc]
V  [jvm.dll+0x321f3b]
V  [jvm.dll+0x84893b]
V  [jvm.dll+0x849674]
V  [jvm.dll+0x849b8d]
V  [jvm.dll+0x849f64]
V  [jvm.dll+0x84a030]
V  [jvm.dll+0x7f25fa]
V  [jvm.dll+0x682985]
C  [ucrtbase.dll+0x214c2]
C  [KERNEL32.DLL+0x16fd4]
C  [ntdll.dll+0x4cec1]

VM_Operation (0x00000003854fe410): G1CollectForAllocation, mode: safepoint, requested by thread 0x000001d638f7a520


---------------  P R O C E S S  ---------------

Threads class SMR info:
_java_thread_list=0x000001d6392afeb0, length=41, elements={
0x000001d61b67a670, 0x000001d636012320, 0x000001d636012de0, 0x000001d6360660e0,
0x000001d6360689b0, 0x000001d636069880, 0x000001d63606a140, 0x000001d63606ade0,
0x000001d636029c70, 0x000001d63602e5a0, 0x000001d636210280, 0x000001d636213f80,
0x000001d637bc8830, 0x000001d6376bef60, 0x000001d637978050, 0x000001d6377c9120,
0x000001d6377c9a00, 0x000001d637925da0, 0x000001d637926270, 0x000001d636c747d0,
0x000001d636c75fe0, 0x000001d636c72fc0, 0x000001d636c73960, 0x000001d636c75640,
0x000001d636c73e30, 0x000001d636c764b0, 0x000001d636c76980, 0x000001d636c74300,
0x000001d638f7a520, 0x000001d638f791e0, 0x000001d638f779d0, 0x000001d638f796b0,
0x000001d638f77ea0, 0x000001d638f749b0, 0x000001d638f75350, 0x000001d638f744e0,
0x000001d638f76b60, 0x000001d638f79b80, 0x000001d638f7a050, 0x000001d638f7a9f0,
0x000001d638f75cf0
}

Java Threads: ( => current thread )
  0x000001d61b67a670 JavaThread "main" [_thread_blocked, id=7448, stack(0x0000000382900000,0x0000000382a00000)]
  0x000001d636012320 JavaThread "Reference Handler" daemon [_thread_blocked, id=9200, stack(0x0000000383000000,0x0000000383100000)]
  0x000001d636012de0 JavaThread "Finalizer" daemon [_thread_blocked, id=25272, stack(0x0000000383100000,0x0000000383200000)]
  0x000001d6360660e0 JavaThread "Signal Dispatcher" daemon [_thread_blocked, id=25308, stack(0x0000000383200000,0x0000000383300000)]
  0x000001d6360689b0 JavaThread "Attach Listener" daemon [_thread_blocked, id=20564, stack(0x0000000383300000,0x0000000383400000)]
  0x000001d636069880 JavaThread "Service Thread" daemon [_thread_blocked, id=16452, stack(0x0000000383400000,0x0000000383500000)]
  0x000001d63606a140 JavaThread "Monitor Deflation Thread" daemon [_thread_blocked, id=1356, stack(0x0000000383500000,0x0000000383600000)]
  0x000001d63606ade0 JavaThread "C2 CompilerThread0" daemon [_thread_in_native, id=17476, stack(0x0000000383600000,0x0000000383700000)]
  0x000001d636029c70 JavaThread "C1 CompilerThread0" daemon [_thread_blocked, id=12208, stack(0x0000000383700000,0x0000000383800000)]
  0x000001d63602e5a0 JavaThread "Sweeper thread" daemon [_thread_blocked, id=15324, stack(0x0000000383800000,0x0000000383900000)]
  0x000001d636210280 JavaThread "Common-Cleaner" daemon [_thread_blocked, id=12684, stack(0x0000000383900000,0x0000000383a00000)]
  0x000001d636213f80 JavaThread "Notification Thread" daemon [_thread_blocked, id=1324, stack(0x0000000383a00000,0x0000000383b00000)]
  0x000001d637bc8830 JavaThread "Daemon health stats" [_thread_blocked, id=15416, stack(0x0000000384000000,0x0000000384100000)]
  0x000001d6376bef60 JavaThread "Incoming local TCP Connector on port 63242" [_thread_in_native, id=15168, stack(0x0000000384100000,0x0000000384200000)]
  0x000001d637978050 JavaThread "Daemon periodic checks" [_thread_blocked, id=7676, stack(0x0000000384200000,0x0000000384300000)]
  0x000001d6377c9120 JavaThread "Daemon" [_thread_blocked, id=24116, stack(0x0000000384300000,0x0000000384400000)]
  0x000001d6377c9a00 JavaThread "Handler for socket connection from /127.0.0.1:63242 to /127.0.0.1:63243" [_thread_in_native, id=24252, stack(0x0000000384400000,0x0000000384500000)]
  0x000001d637925da0 JavaThread "Cancel handler" [_thread_blocked, id=7252, stack(0x0000000384500000,0x0000000384600000)]
  0x000001d637926270 JavaThread "Daemon worker" [_thread_blocked, id=3892, stack(0x0000000384600000,0x0000000384700000)]
  0x000001d636c747d0 JavaThread "Asynchronous log dispatcher for DefaultDaemonConnection: socket connection from /127.0.0.1:63242 to /127.0.0.1:63243" [_thread_blocked, id=22632, stack(0x0000000384700000,0x0000000384800000)]
  0x000001d636c75fe0 JavaThread "Stdin handler" [_thread_blocked, id=17220, stack(0x0000000384800000,0x0000000384900000)]
  0x000001d636c72fc0 JavaThread "Daemon client event forwarder" [_thread_blocked, id=24784, stack(0x0000000384900000,0x0000000384a00000)]
  0x000001d636c73960 JavaThread "Cache worker for journal cache (C:\Users\Varun Sen\.gradle\caches\journal-1)" [_thread_blocked, id=24820, stack(0x0000000384e00000,0x0000000384f00000)]
  0x000001d636c75640 JavaThread "File lock request listener" [_thread_in_native, id=1040, stack(0x0000000384f00000,0x0000000385000000)]
  0x000001d636c73e30 JavaThread "Cache worker for file hash cache (C:\Users\Varun Sen\.gradle\caches\7.3.3\fileHashes)" [_thread_blocked, id=19652, stack(0x0000000385000000,0x0000000385100000)]
  0x000001d636c764b0 JavaThread "Cache worker for file hash cache (E:\Android\pizza-final\.gradle\7.3.3\fileHashes)" [_thread_blocked, id=16408, stack(0x0000000385100000,0x0000000385200000)]
  0x000001d636c76980 JavaThread "File watcher server" daemon [_thread_in_native, id=24080, stack(0x0000000385200000,0x0000000385300000)]
  0x000001d636c74300 JavaThread "File watcher consumer" daemon [_thread_blocked, id=25416, stack(0x0000000385300000,0x0000000385400000)]
  0x000001d638f7a520 JavaThread "jar transforms" [_thread_blocked, id=9088, stack(0x0000000385400000,0x0000000385500000)]
  0x000001d638f791e0 JavaThread "jar transforms Thread 2" [_thread_blocked, id=22100, stack(0x0000000385500000,0x0000000385600000)]
  0x000001d638f779d0 JavaThread "jar transforms Thread 3" [_thread_blocked, id=10120, stack(0x0000000385600000,0x0000000385700000)]
  0x000001d638f796b0 JavaThread "jar transforms Thread 4" [_thread_blocked, id=18736, stack(0x0000000385700000,0x0000000385800000)]
  0x000001d638f77ea0 JavaThread "jar transforms Thread 5" [_thread_blocked, id=25356, stack(0x0000000385800000,0x0000000385900000)]
  0x000001d638f749b0 JavaThread "jar transforms Thread 6" [_thread_blocked, id=24600, stack(0x0000000385900000,0x0000000385a00000)]
  0x000001d638f75350 JavaThread "jar transforms Thread 7" [_thread_blocked, id=7188, stack(0x0000000385a00000,0x0000000385b00000)]
  0x000001d638f744e0 JavaThread "jar transforms Thread 8" [_thread_blocked, id=9704, stack(0x0000000385b00000,0x0000000385c00000)]
  0x000001d638f76b60 JavaThread "Cache worker for checksums cache (E:\Android\pizza-final\.gradle\7.3.3\checksums)" [_thread_blocked, id=12236, stack(0x0000000385c00000,0x0000000385d00000)]
  0x000001d638f79b80 JavaThread "Cache worker for cache directory md-supplier (C:\Users\Varun Sen\.gradle\caches\7.3.3\md-supplier)" [_thread_blocked, id=17752, stack(0x0000000385d00000,0x0000000385e00000)]
  0x000001d638f7a050 JavaThread "Cache worker for cache directory md-rule (C:\Users\Varun Sen\.gradle\caches\7.3.3\md-rule)" [_thread_blocked, id=21204, stack(0x0000000385e00000,0x0000000385f00000)]
  0x000001d638f7a9f0 JavaThread "Cache worker for execution history cache (C:\Users\Varun Sen\.gradle\caches\7.3.3\executionHistory)" [_thread_blocked, id=5284, stack(0x0000000385f00000,0x0000000386000000)]
  0x000001d638f75cf0 JavaThread "Cache worker for file content cache (C:\Users\Varun Sen\.gradle\caches\7.3.3\fileContent)" [_thread_blocked, id=11512, stack(0x0000000386000000,0x0000000386100000)]

Other Threads:
=>0x000001d63552e2a0 VMThread "VM Thread" [stack: 0x0000000382f00000,0x0000000383000000] [id=7656]
  0x000001d636201ee0 WatcherThread [stack: 0x0000000383b00000,0x0000000383c00000] [id=17020]
  0x000001d61b6d51f0 GCTaskThread "GC Thread#0" [stack: 0x0000000382a00000,0x0000000382b00000] [id=24264]
  0x000001d636bd6a80 GCTaskThread "GC Thread#1" [stack: 0x0000000383c00000,0x0000000383d00000] [id=16996]
  0x000001d636f176f0 GCTaskThread "GC Thread#2" [stack: 0x0000000383d00000,0x0000000383e00000] [id=19916]
  0x000001d6366d9460 GCTaskThread "GC Thread#3" [stack: 0x0000000383e00000,0x0000000383f00000] [id=5636]
  0x000001d6372a8300 GCTaskThread "GC Thread#4" [stack: 0x0000000383f00000,0x0000000384000000] [id=20108]
  0x000001d63863d0e0 GCTaskThread "GC Thread#5" [stack: 0x0000000384a00000,0x0000000384b00000] [id=7924]
  0x000001d637a1ca40 GCTaskThread "GC Thread#6" [stack: 0x0000000384b00000,0x0000000384c00000] [id=10560]
  0x000001d637a1ccf0 GCTaskThread "GC Thread#7" [stack: 0x0000000384c00000,0x0000000384d00000] [id=17152]
  0x000001d61b6e5ee0 ConcurrentGCThread "G1 Main Marker" [stack: 0x0000000382b00000,0x0000000382c00000] [id=16768]
  0x000001d61b6e6e40 ConcurrentGCThread "G1 Conc#0" [stack: 0x0000000382c00000,0x0000000382d00000] [id=15504]
  0x000001d6384a3040 ConcurrentGCThread "G1 Conc#1" [stack: 0x0000000384d00000,0x0000000384e00000] [id=22672]
  0x000001d61b74df60 ConcurrentGCThread "G1 Refine#0" [stack: 0x0000000382d00000,0x0000000382e00000] [id=16068]
  0x000001d61b74e730 ConcurrentGCThread "G1 Service" [stack: 0x0000000382e00000,0x0000000382f00000] [id=3336]

Threads with active compile tasks:
C2 CompilerThread0    20491 4762   !   4       org.gradle.internal.classpath.InstrumentingClasspathFileTransformer::lambda$visitEntries$1 (168 bytes)

VM state: at safepoint (normal execution)

VM Mutex/Monitor currently owned by a thread:  ([mutex/lock_event])
[0x000001d61b676470] Threads_lock - owner thread: 0x000001d63552e2a0
[0x000001d61b675030] Heap_lock - owner thread: 0x000001d638f7a520

Heap address: 0x0000000080000000, size: 2048 MB, Compressed Oops mode: 32-bit

CDS archive(s) not mapped
Compressed class space mapped at: 0x0000000100000000-0x0000000140000000, reserved size: 1073741824
Narrow klass base: 0x0000000000000000, Narrow klass shift: 3, Narrow klass range: 0x140000000

GC Precious Log:
 CPUs: 8 total, 8 available
 Memory: 12030M
 Large Page Support: Disabled
 NUMA Support: Disabled
 Compressed Oops: Enabled (32-bit)
 Heap Region Size: 1M
 Heap Min Capacity: 8M
 Heap Initial Capacity: 188M
 Heap Max Capacity: 2G
 Pre-touch: Disabled
 Parallel Workers: 8
 Concurrent Workers: 2
 Concurrent Refinement Workers: 8
 Periodic GC: Disabled

Heap:
 garbage-first heap   total 238592K, used 96862K [0x0000000080000000, 0x0000000100000000)
  region size 1024K, 9 young (9216K), 9 survivors (9216K)
 Metaspace       used 45583K, committed 46016K, reserved 1089536K
  class space    used 5987K, committed 6208K, reserved 1048576K

Heap Regions: E=young(eden), S=young(survivor), O=old, HS=humongous(starts), HC=humongous(continues), CS=collection set, F=free, OA=open archive, CA=closed archive, TAMS=top-at-mark-start (previous, next)
|   0|0x0000000080000000, 0x0000000080100000, 0x0000000080100000|100%| O|  |TAMS 0x0000000080100000, 0x0000000080000000| Untracked 
|   1|0x0000000080100000, 0x0000000080200000, 0x0000000080200000|100%| O|  |TAMS 0x0000000080200000, 0x0000000080100000| Untracked 
|   2|0x0000000080200000, 0x0000000080300000, 0x0000000080300000|100%| O|  |TAMS 0x0000000080300000, 0x0000000080200000| Untracked 
|   3|0x0000000080300000, 0x0000000080400000, 0x0000000080400000|100%|HS|  |TAMS 0x0000000080400000, 0x0000000080300000| Complete 
|   4|0x0000000080400000, 0x0000000080500000, 0x0000000080500000|100%|HC|  |TAMS 0x0000000080500000, 0x0000000080400000| Complete 
|   5|0x0000000080500000, 0x0000000080600000, 0x0000000080600000|100%|HC|  |TAMS 0x0000000080600000, 0x0000000080500000| Complete 
|   6|0x0000000080600000, 0x0000000080700000, 0x0000000080700000|100%| O|  |TAMS 0x0000000080700000, 0x0000000080600000| Untracked 
|   7|0x0000000080700000, 0x0000000080800000, 0x0000000080800000|100%| O|  |TAMS 0x0000000080800000, 0x0000000080700000| Untracked 
|   8|0x0000000080800000, 0x0000000080900000, 0x0000000080900000|100%| O|  |TAMS 0x0000000080900000, 0x0000000080800000| Untracked 
|   9|0x0000000080900000, 0x0000000080a00000, 0x0000000080a00000|100%| O|  |TAMS 0x0000000080a00000, 0x0000000080900000| Untracked 
|  10|0x0000000080a00000, 0x0000000080b00000, 0x0000000080b00000|100%| O|  |TAMS 0x0000000080b00000, 0x0000000080a00000| Untracked 
|  11|0x0000000080b00000, 0x0000000080c00000, 0x0000000080c00000|100%| O|  |TAMS 0x0000000080c00000, 0x0000000080b00000| Untracked 
|  12|0x0000000080c00000, 0x0000000080d00000, 0x0000000080d00000|100%| O|  |TAMS 0x0000000080d00000, 0x0000000080c00000| Untracked 
|  13|0x0000000080d00000, 0x0000000080e00000, 0x0000000080e00000|100%| O|  |TAMS 0x0000000080e00000, 0x0000000080d00000| Untracked 
|  14|0x0000000080e00000, 0x0000000080f00000, 0x0000000080f00000|100%| O|  |TAMS 0x0000000080f00000, 0x0000000080e00000| Untracked 
|  15|0x0000000080f00000, 0x0000000081000000, 0x0000000081000000|100%| O|  |TAMS 0x0000000081000000, 0x0000000080f00000| Untracked 
|  16|0x0000000081000000, 0x0000000081100000, 0x0000000081100000|100%| O|  |TAMS 0x0000000081100000, 0x0000000081000000| Untracked 
|  17|0x0000000081100000, 0x0000000081200000, 0x0000000081200000|100%| O|  |TAMS 0x0000000081200000, 0x0000000081100000| Untracked 
|  18|0x0000000081200000, 0x0000000081300000, 0x0000000081300000|100%| O|  |TAMS 0x0000000081300000, 0x0000000081200000| Untracked 
|  19|0x0000000081300000, 0x0000000081400000, 0x0000000081400000|100%| O|  |TAMS 0x0000000081400000, 0x0000000081300000| Untracked 
|  20|0x0000000081400000, 0x0000000081500000, 0x0000000081500000|100%|HS|  |TAMS 0x0000000081500000, 0x0000000081400000| Complete 
|  21|0x0000000081500000, 0x0000000081600000, 0x0000000081600000|100%|HC|  |TAMS 0x0000000081600000, 0x0000000081500000| Complete 
|  22|0x0000000081600000, 0x0000000081700000, 0x0000000081700000|100%|HS|  |TAMS 0x0000000081700000, 0x0000000081600000| Complete 
|  23|0x0000000081700000, 0x0000000081800000, 0x0000000081800000|100%|HC|  |TAMS 0x0000000081800000, 0x0000000081700000| Complete 
|  24|0x0000000081800000, 0x0000000081900000, 0x0000000081900000|100%|HC|  |TAMS 0x0000000081900000, 0x0000000081800000| Complete 
|  25|0x0000000081900000, 0x0000000081a00000, 0x0000000081a00000|100%|HS|  |TAMS 0x0000000081a00000, 0x0000000081900000| Complete 
|  26|0x0000000081a00000, 0x0000000081b00000, 0x0000000081b00000|100%|HC|  |TAMS 0x0000000081b00000, 0x0000000081a00000| Complete 
|  27|0x0000000081b00000, 0x0000000081c00000, 0x0000000081c00000|100%|HC|  |TAMS 0x0000000081c00000, 0x0000000081b00000| Complete 
|  28|0x0000000081c00000, 0x0000000081d00000, 0x0000000081d00000|100%|HS|  |TAMS 0x0000000081d00000, 0x0000000081c00000| Complete 
|  29|0x0000000081d00000, 0x0000000081e00000, 0x0000000081e00000|100%|HC|  |TAMS 0x0000000081e00000, 0x0000000081d00000| Complete 
|  30|0x0000000081e00000, 0x0000000081f00000, 0x0000000081f00000|100%|HS|  |TAMS 0x0000000081f00000, 0x0000000081e00000| Complete 
|  31|0x0000000081f00000, 0x0000000082000000, 0x0000000082000000|100%|HC|  |TAMS 0x0000000082000000, 0x0000000081f00000| Complete 
|  32|0x0000000082000000, 0x0000000082100000, 0x0000000082100000|100%|HC|  |TAMS 0x0000000082100000, 0x0000000082000000| Complete 
|  33|0x0000000082100000, 0x0000000082200000, 0x0000000082200000|100%|HC|  |TAMS 0x0000000082200000, 0x0000000082100000| Complete 
|  34|0x0000000082200000, 0x0000000082300000, 0x0000000082300000|100%|HC|  |TAMS 0x0000000082300000, 0x0000000082200000| Complete 
|  35|0x0000000082300000, 0x0000000082400000, 0x0000000082400000|100%|HC|  |TAMS 0x0000000082400000, 0x0000000082300000| Complete 
|  36|0x0000000082400000, 0x0000000082500000, 0x0000000082500000|100%| O|  |TAMS 0x0000000082500000, 0x0000000082400000| Untracked 
|  37|0x0000000082500000, 0x0000000082600000, 0x0000000082600000|100%| O|  |TAMS 0x0000000082600000, 0x0000000082500000| Untracked 
|  38|0x0000000082600000, 0x0000000082700000, 0x0000000082700000|100%|HS|  |TAMS 0x0000000082700000, 0x0000000082600000| Complete 
|  39|0x0000000082700000, 0x0000000082800000, 0x0000000082800000|100%|HS|  |TAMS 0x0000000082800000, 0x0000000082700000| Complete 
|  40|0x0000000082800000, 0x0000000082900000, 0x0000000082900000|100%|HC|  |TAMS 0x0000000082900000, 0x0000000082800000| Complete 
|  41|0x0000000082900000, 0x0000000082a00000, 0x0000000082a00000|100%|HC|  |TAMS 0x0000000082a00000, 0x0000000082900000| Complete 
|  42|0x0000000082a00000, 0x0000000082b00000, 0x0000000082b00000|100%|HC|  |TAMS 0x0000000082b00000, 0x0000000082a00000| Complete 
|  43|0x0000000082b00000, 0x0000000082c00000, 0x0000000082c00000|100%|HC|  |TAMS 0x0000000082c00000, 0x0000000082b00000| Complete 
|  44|0x0000000082c00000, 0x0000000082d00000, 0x0000000082d00000|100%|HC|  |TAMS 0x0000000082d00000, 0x0000000082c00000| Complete 
|  45|0x0000000082d00000, 0x0000000082e00000, 0x0000000082e00000|100%|HC|  |TAMS 0x0000000082e00000, 0x0000000082d00000| Complete 
|  46|0x0000000082e00000, 0x0000000082f00000, 0x0000000082f00000|100%|HC|  |TAMS 0x0000000082f00000, 0x0000000082e00000| Complete 
|  47|0x0000000082f00000, 0x0000000083000000, 0x0000000083000000|100%|HC|  |TAMS 0x0000000083000000, 0x0000000082f00000| Complete 
|  48|0x0000000083000000, 0x0000000083100000, 0x0000000083100000|100%|HC|  |TAMS 0x0000000083100000, 0x0000000083000000| Complete 
|  49|0x0000000083100000, 0x0000000083200000, 0x0000000083200000|100%|HS|  |TAMS 0x0000000083200000, 0x0000000083100000| Complete 
|  50|0x0000000083200000, 0x0000000083300000, 0x0000000083300000|100%|HC|  |TAMS 0x0000000083300000, 0x0000000083200000| Complete 
|  51|0x0000000083300000, 0x0000000083400000, 0x0000000083400000|100%| O|  |TAMS 0x0000000083400000, 0x0000000083300000| Untracked 
|  52|0x0000000083400000, 0x0000000083500000, 0x0000000083500000|100%| O|  |TAMS 0x0000000083500000, 0x0000000083400000| Untracked 
|  53|0x0000000083500000, 0x0000000083600000, 0x0000000083600000|100%| O|  |TAMS 0x0000000083600000, 0x0000000083500000| Untracked 
|  54|0x0000000083600000, 0x0000000083700000, 0x0000000083700000|100%| O|  |TAMS 0x0000000083700000, 0x0000000083600000| Untracked 
|  55|0x0000000083700000, 0x0000000083800000, 0x0000000083800000|100%| O|  |TAMS 0x0000000083800000, 0x0000000083700000| Untracked 
|  56|0x0000000083800000, 0x0000000083900000, 0x0000000083900000|100%| O|  |TAMS 0x0000000083900000, 0x0000000083800000| Untracked 
|  57|0x0000000083900000, 0x0000000083a00000, 0x0000000083a00000|100%|HS|  |TAMS 0x0000000083a00000, 0x0000000083900000| Complete 
|  58|0x0000000083a00000, 0x0000000083b00000, 0x0000000083b00000|100%|HC|  |TAMS 0x0000000083b00000, 0x0000000083a00000| Complete 
|  59|0x0000000083b00000, 0x0000000083c00000, 0x0000000083c00000|100%| O|  |TAMS 0x0000000083c00000, 0x0000000083b00000| Untracked 
|  60|0x0000000083c00000, 0x0000000083d00000, 0x0000000083d00000|100%| O|  |TAMS 0x0000000083d00000, 0x0000000083c00000| Untracked 
|  61|0x0000000083d00000, 0x0000000083e00000, 0x0000000083e00000|100%| O|  |TAMS 0x0000000083e00000, 0x0000000083d00000| Untracked 
|  62|0x0000000083e00000, 0x0000000083f00000, 0x0000000083f00000|100%| O|  |TAMS 0x0000000083f00000, 0x0000000083e00000| Untracked 
|  63|0x0000000083f00000, 0x0000000084000000, 0x0000000084000000|100%|HS|  |TAMS 0x0000000084000000, 0x0000000083f00000| Complete 
|  64|0x0000000084000000, 0x0000000084100000, 0x0000000084100000|100%|HC|  |TAMS 0x0000000084100000, 0x0000000084000000| Complete 
|  65|0x0000000084100000, 0x0000000084200000, 0x0000000084200000|100%|HC|  |TAMS 0x0000000084200000, 0x0000000084100000| Complete 
|  66|0x0000000084200000, 0x0000000084300000, 0x0000000084300000|100%|HC|  |TAMS 0x0000000084300000, 0x0000000084200000| Complete 
|  67|0x0000000084300000, 0x0000000084400000, 0x0000000084400000|100%|HC|  |TAMS 0x0000000084400000, 0x0000000084300000| Complete 
|  68|0x0000000084400000, 0x0000000084500000, 0x0000000084500000|100%|HC|  |TAMS 0x0000000084500000, 0x0000000084400000| Complete 
|  69|0x0000000084500000, 0x0000000084600000, 0x0000000084600000|100%|HC|  |TAMS 0x0000000084600000, 0x0000000084500000| Complete 
|  70|0x0000000084600000, 0x0000000084700000, 0x0000000084700000|100%|HC|  |TAMS 0x0000000084700000, 0x0000000084600000| Complete 
|  71|0x0000000084700000, 0x0000000084800000, 0x0000000084800000|100%|HC|  |TAMS 0x0000000084800000, 0x0000000084700000| Complete 
|  72|0x0000000084800000, 0x0000000084900000, 0x0000000084900000|100%|HC|  |TAMS 0x0000000084900000, 0x0000000084800000| Complete 
|  73|0x0000000084900000, 0x0000000084a00000, 0x0000000084a00000|100%| O|  |TAMS 0x0000000084a00000, 0x0000000084900000| Untracked 
|  74|0x0000000084a00000, 0x0000000084b00000, 0x0000000084b00000|100%| O|  |TAMS 0x0000000084b00000, 0x0000000084a00000| Untracked 
|  75|0x0000000084b00000, 0x0000000084c00000, 0x0000000084c00000|100%| O|  |TAMS 0x0000000084bd4400, 0x0000000084b00000| Untracked 
|  76|0x0000000084c00000, 0x0000000084d00000, 0x0000000084d00000|100%| O|  |TAMS 0x0000000084c00000, 0x0000000084c00000| Untracked 
|  77|0x0000000084d00000, 0x0000000084e00000, 0x0000000084e00000|100%| O|  |TAMS 0x0000000084d00000, 0x0000000084d00000| Untracked 
|  78|0x0000000084e00000, 0x0000000084f00000, 0x0000000084f00000|100%| O|  |TAMS 0x0000000084e00000, 0x0000000084e00000| Untracked 
|  79|0x0000000084f00000, 0x0000000085000000, 0x0000000085000000|100%| O|  |TAMS 0x0000000084f00000, 0x0000000084f00000| Untracked 
|  80|0x0000000085000000, 0x0000000085100000, 0x0000000085100000|100%| O|  |TAMS 0x0000000085000000, 0x0000000085000000| Untracked 
|  81|0x0000000085100000, 0x0000000085200000, 0x0000000085200000|100%|HS|  |TAMS 0x0000000085100000, 0x0000000085100000| Complete 
|  82|0x0000000085200000, 0x0000000085300000, 0x0000000085300000|100%| O|  |TAMS 0x0000000085200000, 0x0000000085200000| Untracked 
|  83|0x0000000085300000, 0x0000000085400000, 0x0000000085400000|100%| O|  |TAMS 0x0000000085300000, 0x0000000085300000| Untracked 
|  84|0x0000000085400000, 0x0000000085497800, 0x0000000085500000| 59%| O|  |TAMS 0x0000000085400000, 0x0000000085400000| Untracked 
|  85|0x0000000085500000, 0x0000000085500000, 0x0000000085600000|  0%| F|  |TAMS 0x0000000085500000, 0x0000000085500000| Untracked 
|  86|0x0000000085600000, 0x0000000085600000, 0x0000000085700000|  0%| F|  |TAMS 0x0000000085600000, 0x0000000085600000| Untracked 
|  87|0x0000000085700000, 0x0000000085700000, 0x0000000085800000|  0%| F|  |TAMS 0x0000000085700000, 0x0000000085700000| Untracked 
|  88|0x0000000085800000, 0x0000000085800000, 0x0000000085900000|  0%| F|  |TAMS 0x0000000085800000, 0x0000000085800000| Untracked 
|  89|0x0000000085900000, 0x0000000085900000, 0x0000000085a00000|  0%| F|  |TAMS 0x0000000085900000, 0x0000000085900000| Untracked 
|  90|0x0000000085a00000, 0x0000000085b00000, 0x0000000085b00000|100%| O|  |TAMS 0x0000000085a00000, 0x0000000085a00000| Untracked 
|  91|0x0000000085b00000, 0x0000000085b00000, 0x0000000085c00000|  0%| F|  |TAMS 0x0000000085b00000, 0x0000000085b00000| Untracked 
|  92|0x0000000085c00000, 0x0000000085c00000, 0x0000000085d00000|  0%| F|  |TAMS 0x0000000085c00000, 0x0000000085c00000| Untracked 
|  93|0x0000000085d00000, 0x0000000085d00000, 0x0000000085e00000|  0%| F|  |TAMS 0x0000000085d00000, 0x0000000085d00000| Untracked 
|  94|0x0000000085e00000, 0x0000000085e00000, 0x0000000085f00000|  0%| F|  |TAMS 0x0000000085e00000, 0x0000000085e00000| Untracked 
|  95|0x0000000085f00000, 0x0000000085f00000, 0x0000000086000000|  0%| F|  |TAMS 0x0000000085f00000, 0x0000000085f00000| Untracked 
|  96|0x0000000086000000, 0x0000000086000000, 0x0000000086100000|  0%| F|  |TAMS 0x0000000086000000, 0x0000000086000000| Untracked 
|  97|0x0000000086100000, 0x0000000086100000, 0x0000000086200000|  0%| F|  |TAMS 0x0000000086100000, 0x0000000086100000| Untracked 
|  98|0x0000000086200000, 0x0000000086200000, 0x0000000086300000|  0%| F|  |TAMS 0x0000000086200000, 0x0000000086200000| Untracked 
|  99|0x0000000086300000, 0x0000000086300000, 0x0000000086400000|  0%| F|  |TAMS 0x0000000086300000, 0x0000000086300000| Untracked 
| 100|0x0000000086400000, 0x0000000086400000, 0x0000000086500000|  0%| F|  |TAMS 0x0000000086400000, 0x0000000086400000| Untracked 
| 101|0x0000000086500000, 0x0000000086500000, 0x0000000086600000|  0%| F|  |TAMS 0x0000000086500000, 0x0000000086500000| Untracked 
| 102|0x0000000086600000, 0x0000000086600000, 0x0000000086700000|  0%| F|  |TAMS 0x0000000086600000, 0x0000000086600000| Untracked 
| 103|0x0000000086700000, 0x0000000086700000, 0x0000000086800000|  0%| F|  |TAMS 0x0000000086700000, 0x0000000086700000| Untracked 
| 104|0x0000000086800000, 0x0000000086800000, 0x0000000086900000|  0%| F|  |TAMS 0x0000000086800000, 0x0000000086800000| Untracked 
| 105|0x0000000086900000, 0x0000000086900000, 0x0000000086a00000|  0%| F|  |TAMS 0x0000000086900000, 0x0000000086900000| Untracked 
| 106|0x0000000086a00000, 0x0000000086a00000, 0x0000000086b00000|  0%| F|  |TAMS 0x0000000086a00000, 0x0000000086a00000| Untracked 
| 107|0x0000000086b00000, 0x0000000086b00000, 0x0000000086c00000|  0%| F|  |TAMS 0x0000000086b00000, 0x0000000086b00000| Untracked 
| 108|0x0000000086c00000, 0x0000000086c00000, 0x0000000086d00000|  0%| F|  |TAMS 0x0000000086c00000, 0x0000000086c00000| Untracked 
| 109|0x0000000086d00000, 0x0000000086d00000, 0x0000000086e00000|  0%| F|  |TAMS 0x0000000086d00000, 0x0000000086d00000| Untracked 
| 110|0x0000000086e00000, 0x0000000086f00000, 0x0000000086f00000|100%| S|CS|TAMS 0x0000000086e00000, 0x0000000086e00000| Complete 
| 111|0x0000000086f00000, 0x0000000087000000, 0x0000000087000000|100%| S|CS|TAMS 0x0000000086f00000, 0x0000000086f00000| Complete 
| 112|0x0000000087000000, 0x0000000087100000, 0x0000000087100000|100%| S|CS|TAMS 0x0000000087000000, 0x0000000087000000| Complete 
| 113|0x0000000087100000, 0x0000000087200000, 0x0000000087200000|100%| S|CS|TAMS 0x0000000087100000, 0x0000000087100000| Complete 
| 114|0x0000000087200000, 0x0000000087200000, 0x0000000087300000|  0%| F|  |TAMS 0x0000000087200000, 0x0000000087200000| Untracked 
| 115|0x0000000087300000, 0x0000000087300000, 0x0000000087400000|  0%| F|  |TAMS 0x0000000087300000, 0x0000000087300000| Untracked 
| 116|0x0000000087400000, 0x0000000087400000, 0x0000000087500000|  0%| F|  |TAMS 0x0000000087400000, 0x0000000087400000| Untracked 
| 117|0x0000000087500000, 0x0000000087500000, 0x0000000087600000|  0%| F|  |TAMS 0x0000000087500000, 0x0000000087500000| Untracked 
| 118|0x0000000087600000, 0x0000000087600000, 0x0000000087700000|  0%| F|  |TAMS 0x0000000087600000, 0x0000000087600000| Untracked 
| 119|0x0000000087700000, 0x0000000087700000, 0x0000000087800000|  0%| F|  |TAMS 0x0000000087700000, 0x0000000087700000| Untracked 
| 120|0x0000000087800000, 0x0000000087900000, 0x0000000087900000|100%| S|CS|TAMS 0x0000000087800000, 0x0000000087800000| Complete 
| 121|0x0000000087900000, 0x0000000087a00000, 0x0000000087a00000|100%| S|CS|TAMS 0x0000000087900000, 0x0000000087900000| Complete 
| 122|0x0000000087a00000, 0x0000000087a00000, 0x0000000087b00000|  0%| F|  |TAMS 0x0000000087a00000, 0x0000000087a00000| Untracked 
| 123|0x0000000087b00000, 0x0000000087c00000, 0x0000000087c00000|100%| S|CS|TAMS 0x0000000087b00000, 0x0000000087b00000| Complete 
| 124|0x0000000087c00000, 0x0000000087c00000, 0x0000000087d00000|  0%| F|  |TAMS 0x0000000087c00000, 0x0000000087c00000| Untracked 
| 125|0x0000000087d00000, 0x0000000087d00000, 0x0000000087e00000|  0%| F|  |TAMS 0x0000000087d00000, 0x0000000087d00000| Untracked 
| 126|0x0000000087e00000, 0x0000000087e00000, 0x0000000087f00000|  0%| F|  |TAMS 0x0000000087e00000, 0x0000000087e00000| Untracked 
| 127|0x0000000087f00000, 0x0000000088000000, 0x0000000088000000|100%| S|CS|TAMS 0x0000000087f00000, 0x0000000087f00000| Complete 
| 128|0x0000000088000000, 0x0000000088100000, 0x0000000088100000|100%| S|CS|TAMS 0x0000000088000000, 0x0000000088000000| Complete 
| 129|0x0000000088100000, 0x0000000088100000, 0x0000000088200000|  0%| F|  |TAMS 0x0000000088100000, 0x0000000088100000| Untracked 
| 130|0x0000000088200000, 0x0000000088200000, 0x0000000088300000|  0%| F|  |TAMS 0x0000000088200000, 0x0000000088200000| Untracked 
| 131|0x0000000088300000, 0x0000000088300000, 0x0000000088400000|  0%| F|  |TAMS 0x0000000088300000, 0x0000000088300000| Untracked 
| 132|0x0000000088400000, 0x0000000088400000, 0x0000000088500000|  0%| F|  |TAMS 0x0000000088400000, 0x0000000088400000| Untracked 
| 133|0x0000000088500000, 0x0000000088500000, 0x0000000088600000|  0%| F|  |TAMS 0x0000000088500000, 0x0000000088500000| Untracked 
| 134|0x0000000088600000, 0x0000000088600000, 0x0000000088700000|  0%| F|  |TAMS 0x0000000088600000, 0x0000000088600000| Untracked 
| 135|0x0000000088700000, 0x0000000088700000, 0x0000000088800000|  0%| F|  |TAMS 0x0000000088700000, 0x0000000088700000| Untracked 
| 136|0x0000000088800000, 0x0000000088800000, 0x0000000088900000|  0%| F|  |TAMS 0x0000000088800000, 0x0000000088800000| Untracked 
| 137|0x0000000088900000, 0x0000000088900000, 0x0000000088a00000|  0%| F|  |TAMS 0x0000000088900000, 0x0000000088900000| Untracked 
| 138|0x0000000088a00000, 0x0000000088a00000, 0x0000000088b00000|  0%| F|  |TAMS 0x0000000088a00000, 0x0000000088a00000| Untracked 
| 139|0x0000000088b00000, 0x0000000088b00000, 0x0000000088c00000|  0%| F|  |TAMS 0x0000000088b00000, 0x0000000088b00000| Untracked 
| 140|0x0000000088c00000, 0x0000000088c00000, 0x0000000088d00000|  0%| F|  |TAMS 0x0000000088c00000, 0x0000000088c00000| Untracked 
| 141|0x0000000088d00000, 0x0000000088d00000, 0x0000000088e00000|  0%| F|  |TAMS 0x0000000088d00000, 0x0000000088d00000| Untracked 
| 142|0x0000000088e00000, 0x0000000088e00000, 0x0000000088f00000|  0%| F|  |TAMS 0x0000000088e00000, 0x0000000088e00000| Untracked 
| 143|0x0000000088f00000, 0x0000000088f00000, 0x0000000089000000|  0%| F|  |TAMS 0x0000000088f00000, 0x0000000088f00000| Untracked 
| 144|0x0000000089000000, 0x0000000089000000, 0x0000000089100000|  0%| F|  |TAMS 0x0000000089000000, 0x0000000089000000| Untracked 
| 145|0x0000000089100000, 0x0000000089100000, 0x0000000089200000|  0%| F|  |TAMS 0x0000000089100000, 0x0000000089100000| Untracked 
| 146|0x0000000089200000, 0x0000000089200000, 0x0000000089300000|  0%| F|  |TAMS 0x0000000089200000, 0x0000000089200000| Untracked 
| 147|0x0000000089300000, 0x0000000089300000, 0x0000000089400000|  0%| F|  |TAMS 0x0000000089300000, 0x0000000089300000| Untracked 
| 148|0x0000000089400000, 0x0000000089400000, 0x0000000089500000|  0%| F|  |TAMS 0x0000000089400000, 0x0000000089400000| Untracked 
| 149|0x0000000089500000, 0x0000000089500000, 0x0000000089600000|  0%| F|  |TAMS 0x0000000089500000, 0x0000000089500000| Untracked 
| 150|0x0000000089600000, 0x0000000089600000, 0x0000000089700000|  0%| F|  |TAMS 0x0000000089600000, 0x0000000089600000| Untracked 
| 151|0x0000000089700000, 0x0000000089700000, 0x0000000089800000|  0%| F|  |TAMS 0x0000000089700000, 0x0000000089700000| Untracked 
| 152|0x0000000089800000, 0x0000000089800000, 0x0000000089900000|  0%| F|  |TAMS 0x0000000089800000, 0x0000000089800000| Untracked 
| 153|0x0000000089900000, 0x0000000089900000, 0x0000000089a00000|  0%| F|  |TAMS 0x0000000089900000, 0x0000000089900000| Untracked 
| 154|0x0000000089a00000, 0x0000000089a00000, 0x0000000089b00000|  0%| F|  |TAMS 0x0000000089a00000, 0x0000000089a00000| Untracked 
| 155|0x0000000089b00000, 0x0000000089b00000, 0x0000000089c00000|  0%| F|  |TAMS 0x0000000089b00000, 0x0000000089b00000| Untracked 
| 156|0x0000000089c00000, 0x0000000089c00000, 0x0000000089d00000|  0%| F|  |TAMS 0x0000000089c00000, 0x0000000089c00000| Untracked 
| 157|0x0000000089d00000, 0x0000000089d00000, 0x0000000089e00000|  0%| F|  |TAMS 0x0000000089d00000, 0x0000000089d00000| Untracked 
| 158|0x0000000089e00000, 0x0000000089e00000, 0x0000000089f00000|  0%| F|  |TAMS 0x0000000089e00000, 0x0000000089e00000| Untracked 
| 159|0x0000000089f00000, 0x0000000089f00000, 0x000000008a000000|  0%| F|  |TAMS 0x0000000089f00000, 0x0000000089f00000| Untracked 
| 160|0x000000008a000000, 0x000000008a000000, 0x000000008a100000|  0%| F|  |TAMS 0x000000008a000000, 0x000000008a000000| Untracked 
| 161|0x000000008a100000, 0x000000008a100000, 0x000000008a200000|  0%| F|  |TAMS 0x000000008a100000, 0x000000008a100000| Untracked 
| 162|0x000000008a200000, 0x000000008a200000, 0x000000008a300000|  0%| F|  |TAMS 0x000000008a200000, 0x000000008a200000| Untracked 
| 163|0x000000008a300000, 0x000000008a300000, 0x000000008a400000|  0%| F|  |TAMS 0x000000008a300000, 0x000000008a300000| Untracked 
| 164|0x000000008a400000, 0x000000008a400000, 0x000000008a500000|  0%| F|  |TAMS 0x000000008a400000, 0x000000008a400000| Untracked 
| 165|0x000000008a500000, 0x000000008a500000, 0x000000008a600000|  0%| F|  |TAMS 0x000000008a500000, 0x000000008a500000| Untracked 
| 166|0x000000008a600000, 0x000000008a600000, 0x000000008a700000|  0%| F|  |TAMS 0x000000008a600000, 0x000000008a600000| Untracked 
| 167|0x000000008a700000, 0x000000008a700000, 0x000000008a800000|  0%| F|  |TAMS 0x000000008a700000, 0x000000008a700000| Untracked 
| 168|0x000000008a800000, 0x000000008a800000, 0x000000008a900000|  0%| F|  |TAMS 0x000000008a800000, 0x000000008a800000| Untracked 
| 169|0x000000008a900000, 0x000000008a900000, 0x000000008aa00000|  0%| F|  |TAMS 0x000000008a900000, 0x000000008a900000| Untracked 
| 170|0x000000008aa00000, 0x000000008aa00000, 0x000000008ab00000|  0%| F|  |TAMS 0x000000008aa00000, 0x000000008aa00000| Untracked 
| 171|0x000000008ab00000, 0x000000008ab00000, 0x000000008ac00000|  0%| F|  |TAMS 0x000000008ab00000, 0x000000008ab00000| Untracked 
| 172|0x000000008ac00000, 0x000000008ac00000, 0x000000008ad00000|  0%| F|  |TAMS 0x000000008ac00000, 0x000000008ac00000| Untracked 
| 173|0x000000008ad00000, 0x000000008ad00000, 0x000000008ae00000|  0%| F|  |TAMS 0x000000008ad00000, 0x000000008ad00000| Untracked 
| 174|0x000000008ae00000, 0x000000008ae00000, 0x000000008af00000|  0%| F|  |TAMS 0x000000008ae00000, 0x000000008ae00000| Untracked 
| 175|0x000000008af00000, 0x000000008af00000, 0x000000008b000000|  0%| F|  |TAMS 0x000000008af00000, 0x000000008af00000| Untracked 
| 176|0x000000008b000000, 0x000000008b000000, 0x000000008b100000|  0%| F|  |TAMS 0x000000008b000000, 0x000000008b000000| Untracked 
| 177|0x000000008b100000, 0x000000008b100000, 0x000000008b200000|  0%| F|  |TAMS 0x000000008b100000, 0x000000008b100000| Untracked 
| 178|0x000000008b200000, 0x000000008b200000, 0x000000008b300000|  0%| F|  |TAMS 0x000000008b200000, 0x000000008b200000| Untracked 
| 179|0x000000008b300000, 0x000000008b300000, 0x000000008b400000|  0%| F|  |TAMS 0x000000008b300000, 0x000000008b300000| Untracked 
| 180|0x000000008b400000, 0x000000008b400000, 0x000000008b500000|  0%| F|  |TAMS 0x000000008b400000, 0x000000008b400000| Untracked 
| 181|0x000000008b500000, 0x000000008b500000, 0x000000008b600000|  0%| F|  |TAMS 0x000000008b500000, 0x000000008b500000| Untracked 
| 182|0x000000008b600000, 0x000000008b600000, 0x000000008b700000|  0%| F|  |TAMS 0x000000008b600000, 0x000000008b600000| Untracked 
| 183|0x000000008b700000, 0x000000008b700000, 0x000000008b800000|  0%| F|  |TAMS 0x000000008b700000, 0x000000008b700000| Untracked 
| 184|0x000000008b800000, 0x000000008b800000, 0x000000008b900000|  0%| F|  |TAMS 0x000000008b800000, 0x000000008b800000| Untracked 
| 185|0x000000008b900000, 0x000000008b900000, 0x000000008ba00000|  0%| F|  |TAMS 0x000000008b900000, 0x000000008b900000| Untracked 
| 186|0x000000008ba00000, 0x000000008ba00000, 0x000000008bb00000|  0%| F|  |TAMS 0x000000008ba00000, 0x000000008ba00000| Untracked 
| 187|0x000000008bb00000, 0x000000008bb00000, 0x000000008bc00000|  0%| F|  |TAMS 0x000000008bb00000, 0x000000008bb00000| Untracked 
| 188|0x000000008bc00000, 0x000000008bc00000, 0x000000008bd00000|  0%| F|  |TAMS 0x000000008bc00000, 0x000000008bc00000| Untracked 
| 189|0x000000008bd00000, 0x000000008bd00000, 0x000000008be00000|  0%| F|  |TAMS 0x000000008bd00000, 0x000000008bd00000| Untracked 
| 190|0x000000008be00000, 0x000000008be00000, 0x000000008bf00000|  0%| F|  |TAMS 0x000000008be00000, 0x000000008be00000| Untracked 
| 191|0x000000008bf00000, 0x000000008bf00000, 0x000000008c000000|  0%| F|  |TAMS 0x000000008bf00000, 0x000000008bf00000| Untracked 
| 192|0x000000008c000000, 0x000000008c000000, 0x000000008c100000|  0%| F|  |TAMS 0x000000008c000000, 0x000000008c000000| Untracked 
| 193|0x000000008c100000, 0x000000008c100000, 0x000000008c200000|  0%| F|  |TAMS 0x000000008c100000, 0x000000008c100000| Untracked 
| 194|0x000000008c200000, 0x000000008c200000, 0x000000008c300000|  0%| F|  |TAMS 0x000000008c200000, 0x000000008c200000| Untracked 
| 195|0x000000008c300000, 0x000000008c300000, 0x000000008c400000|  0%| F|  |TAMS 0x000000008c300000, 0x000000008c300000| Untracked 
| 196|0x000000008c400000, 0x000000008c400000, 0x000000008c500000|  0%| F|  |TAMS 0x000000008c400000, 0x000000008c400000| Untracked 
| 197|0x000000008c500000, 0x000000008c500000, 0x000000008c600000|  0%| F|  |TAMS 0x000000008c500000, 0x000000008c500000| Untracked 
| 198|0x000000008c600000, 0x000000008c600000, 0x000000008c700000|  0%| F|  |TAMS 0x000000008c600000, 0x000000008c600000| Untracked 
| 199|0x000000008c700000, 0x000000008c700000, 0x000000008c800000|  0%| F|  |TAMS 0x000000008c700000, 0x000000008c700000| Untracked 
| 200|0x000000008c800000, 0x000000008c800000, 0x000000008c900000|  0%| F|  |TAMS 0x000000008c800000, 0x000000008c800000| Untracked 
| 201|0x000000008c900000, 0x000000008c900000, 0x000000008ca00000|  0%| F|  |TAMS 0x000000008c900000, 0x000000008c900000| Untracked 
| 202|0x000000008ca00000, 0x000000008ca00000, 0x000000008cb00000|  0%| F|  |TAMS 0x000000008ca00000, 0x000000008ca00000| Untracked 
| 203|0x000000008cb00000, 0x000000008cb00000, 0x000000008cc00000|  0%| F|  |TAMS 0x000000008cb00000, 0x000000008cb00000| Untracked 
| 204|0x000000008cc00000, 0x000000008cc00000, 0x000000008cd00000|  0%| F|  |TAMS 0x000000008cc00000, 0x000000008cc00000| Untracked 
| 205|0x000000008cd00000, 0x000000008cd00000, 0x000000008ce00000|  0%| F|  |TAMS 0x000000008cd00000, 0x000000008cd00000| Untracked 
| 206|0x000000008ce00000, 0x000000008ce00000, 0x000000008cf00000|  0%| F|  |TAMS 0x000000008ce00000, 0x000000008ce00000| Untracked 
| 207|0x000000008cf00000, 0x000000008cf00000, 0x000000008d000000|  0%| F|  |TAMS 0x000000008cf00000, 0x000000008cf00000| Untracked 
| 208|0x000000008d000000, 0x000000008d000000, 0x000000008d100000|  0%| F|  |TAMS 0x000000008d000000, 0x000000008d000000| Untracked 
| 209|0x000000008d100000, 0x000000008d100000, 0x000000008d200000|  0%| F|  |TAMS 0x000000008d100000, 0x000000008d100000| Untracked 
| 210|0x000000008d200000, 0x000000008d200000, 0x000000008d300000|  0%| F|  |TAMS 0x000000008d200000, 0x000000008d200000| Untracked 
| 211|0x000000008d300000, 0x000000008d300000, 0x000000008d400000|  0%| F|  |TAMS 0x000000008d300000, 0x000000008d300000| Untracked 
| 212|0x000000008d400000, 0x000000008d400000, 0x000000008d500000|  0%| F|  |TAMS 0x000000008d400000, 0x000000008d400000| Untracked 
| 213|0x000000008d500000, 0x000000008d500000, 0x000000008d600000|  0%| F|  |TAMS 0x000000008d500000, 0x000000008d500000| Untracked 
| 214|0x000000008d600000, 0x000000008d600000, 0x000000008d700000|  0%| F|  |TAMS 0x000000008d600000, 0x000000008d600000| Untracked 
| 215|0x000000008d700000, 0x000000008d700000, 0x000000008d800000|  0%| F|  |TAMS 0x000000008d700000, 0x000000008d700000| Untracked 
| 216|0x000000008d800000, 0x000000008d800000, 0x000000008d900000|  0%| F|  |TAMS 0x000000008d800000, 0x000000008d800000| Untracked 
| 217|0x000000008d900000, 0x000000008d900000, 0x000000008da00000|  0%| F|  |TAMS 0x000000008d900000, 0x000000008d900000| Untracked 
| 218|0x000000008da00000, 0x000000008da00000, 0x000000008db00000|  0%| F|  |TAMS 0x000000008da00000, 0x000000008da00000| Untracked 
| 219|0x000000008db00000, 0x000000008db00000, 0x000000008dc00000|  0%| F|  |TAMS 0x000000008db00000, 0x000000008db00000| Untracked 
| 220|0x000000008dc00000, 0x000000008dc00000, 0x000000008dd00000|  0%| F|  |TAMS 0x000000008dc00000, 0x000000008dc00000| Untracked 
| 221|0x000000008dd00000, 0x000000008dd00000, 0x000000008de00000|  0%| F|  |TAMS 0x000000008dd00000, 0x000000008dd00000| Untracked 
| 222|0x000000008de00000, 0x000000008de00000, 0x000000008df00000|  0%| F|  |TAMS 0x000000008de00000, 0x000000008de00000| Untracked 
| 223|0x000000008df00000, 0x000000008df00000, 0x000000008e000000|  0%| F|  |TAMS 0x000000008df00000, 0x000000008df00000| Untracked 
| 224|0x000000008e000000, 0x000000008e000000, 0x000000008e100000|  0%| F|  |TAMS 0x000000008e000000, 0x000000008e000000| Untracked 
| 225|0x000000008e100000, 0x000000008e100000, 0x000000008e200000|  0%| F|  |TAMS 0x000000008e100000, 0x000000008e100000| Untracked 
| 226|0x000000008e200000, 0x000000008e200000, 0x000000008e300000|  0%| F|  |TAMS 0x000000008e200000, 0x000000008e200000| Untracked 
| 227|0x000000008e300000, 0x000000008e300000, 0x000000008e400000|  0%| F|  |TAMS 0x000000008e300000, 0x000000008e300000| Untracked 
| 228|0x000000008e400000, 0x000000008e400000, 0x000000008e500000|  0%| F|  |TAMS 0x000000008e400000, 0x000000008e400000| Untracked 
| 229|0x000000008e500000, 0x000000008e500000, 0x000000008e600000|  0%| F|  |TAMS 0x000000008e500000, 0x000000008e500000| Untracked 
| 230|0x000000008e600000, 0x000000008e600000, 0x000000008e700000|  0%| F|  |TAMS 0x000000008e600000, 0x000000008e600000| Untracked 
| 231|0x000000008e700000, 0x000000008e700000, 0x000000008e800000|  0%| F|  |TAMS 0x000000008e700000, 0x000000008e700000| Untracked 
| 232|0x000000008e800000, 0x000000008e800000, 0x000000008e900000|  0%| F|  |TAMS 0x000000008e800000, 0x000000008e800000| Untracked 

Card table byte_map: [0x000001d62e290000,0x000001d62e690000] _byte_map_base: 0x000001d62de90000

Marking Bits (Prev, Next): (CMBitMap*) 0x000001d61b6d55b0, (CMBitMap*) 0x000001d61b6d55f0
 Prev Bits: [0x000001d62ea90000, 0x000001d630a90000)
 Next Bits: [0x000001d630a90000, 0x000001d632a90000)

Polling page: 0x000001d6194d0000

Metaspace:

Usage:
  Non-class:     38.67 MB used.
      Class:      5.85 MB used.
       Both:     44.52 MB used.

Virtual space:
  Non-class space:       40.00 MB reserved,      38.88 MB ( 97%) committed,  5 nodes.
      Class space:        1.00 GB reserved,       6.06 MB ( <1%) committed,  1 nodes.
             Both:        1.04 GB reserved,      44.94 MB (  4%) committed. 

Chunk freelists:
   Non-Class:  592.00 KB
       Class:  1.92 MB
        Both:  2.50 MB

MaxMetaspaceSize: unlimited
CompressedClassSpaceSize: 1.00 GB
Initial GC threshold: 21.00 MB
Current GC threshold: 74.94 MB
CDS: off
MetaspaceReclaimPolicy: balanced
 - commit_granule_bytes: 65536.
 - commit_granule_words: 8192.
 - virtual_space_node_default_size: 1048576.
 - enlarge_chunks_in_place: 1.
 - new_chunks_are_fully_committed: 0.
 - uncommit_free_chunks: 1.
 - use_allocation_guard: 0.
 - handle_deallocations: 1.


Internal statistics:

num_allocs_failed_limit: 3.
num_arena_births: 394.
num_arena_deaths: 0.
num_vsnodes_births: 6.
num_vsnodes_deaths: 0.
num_space_committed: 719.
num_space_uncommitted: 0.
num_chunks_returned_to_freelist: 3.
num_chunks_taken_from_freelist: 1761.
num_chunk_merges: 3.
num_chunk_splits: 1151.
num_chunks_enlarged: 789.
num_purges: 0.
num_inconsistent_stats: 0.

CodeHeap 'non-profiled nmethods': size=120000Kb used=2646Kb max_used=2654Kb free=117354Kb
 bounds [0x000001d626620000, 0x000001d6268c0000, 0x000001d62db50000]
CodeHeap 'profiled nmethods': size=120000Kb used=8398Kb max_used=10032Kb free=111601Kb
 bounds [0x000001d61eb50000, 0x000001d61f520000, 0x000001d626080000]
CodeHeap 'non-nmethods': size=5760Kb used=2301Kb max_used=2368Kb free=3458Kb
 bounds [0x000001d626080000, 0x000001d6262f0000, 0x000001d626620000]
 total_blobs=4962 nmethods=4162 adapters=712
 compilation: enabled
              stopped_count=0, restarted_count=0
 full_count=0

Compilation events (20 events):
Event: 20.205 Thread 0x000001d636029c70 4796       3       org.apache.tools.zip.ZipOutputStream::checkIfNeedsZip64 (44 bytes)
Event: 20.206 Thread 0x000001d636029c70 nmethod 4796 0x000001d61ec3e410 code [0x000001d61ec3e600, 0x000001d61ec3eb58]
Event: 20.206 Thread 0x000001d636029c70 4797       3       org.apache.tools.zip.ZipOutputStream::handleSizesAndCrc (279 bytes)
Event: 20.207 Thread 0x000001d636029c70 nmethod 4797 0x000001d61f18a610 code [0x000001d61f18aa20, 0x000001d61f18c118]
Event: 20.207 Thread 0x000001d636029c70 4799       3       org.gradle.api.internal.file.archive.impl.FileZipInput$1::computeNext (58 bytes)
Event: 20.208 Thread 0x000001d636029c70 nmethod 4799 0x000001d61edd2410 code [0x000001d61edd2620, 0x000001d61edd2eb8]
Event: 20.208 Thread 0x000001d636029c70 4798       3       org.apache.tools.zip.ZipOutputStream::writeDataDescriptor (91 bytes)
Event: 20.208 Thread 0x000001d636029c70 nmethod 4798 0x000001d61ef98090 code [0x000001d61ef98340, 0x000001d61ef98d58]
Event: 20.209 Thread 0x000001d636029c70 4800       3       java.util.zip.ZipUtils::javaToExtendedDosTime (33 bytes)
Event: 20.210 Thread 0x000001d636029c70 nmethod 4800 0x000001d61ec5f410 code [0x000001d61ec5f660, 0x000001d61ec5ff48]
Event: 20.210 Thread 0x000001d636029c70 4801       3       org.apache.tools.zip.ZipOutputStream::write (80 bytes)
Event: 20.210 Thread 0x000001d636029c70 nmethod 4801 0x000001d61ef71f10 code [0x000001d61ef72100, 0x000001d61ef725a8]
Event: 20.210 Thread 0x000001d636029c70 4802       3       com.google.common.collect.AbstractIterator::next (34 bytes)
Event: 20.210 Thread 0x000001d636029c70 nmethod 4802 0x000001d61f187190 code [0x000001d61f187360, 0x000001d61f187658]
Event: 20.211 Thread 0x000001d636029c70 4803       3       org.apache.tools.zip.ZipUtil::checkRequestedFeatures (39 bytes)
Event: 20.211 Thread 0x000001d636029c70 nmethod 4803 0x000001d61f180c90 code [0x000001d61f180ea0, 0x000001d61f181538]
Event: 20.223 Thread 0x000001d636029c70 4804       3       org.apache.tools.zip.ZipOutputStream::putNextEntry (249 bytes)
Event: 20.225 Thread 0x000001d636029c70 nmethod 4804 0x000001d61eb97190 code [0x000001d61eb97500, 0x000001d61eb98968]
Event: 20.225 Thread 0x000001d636029c70 4805       3       java.util.zip.ZipFile$ZipEntryIterator::hasMoreElements (5 bytes)
Event: 20.226 Thread 0x000001d636029c70 nmethod 4805 0x000001d61ed0c310 code [0x000001d61ed0c4a0, 0x000001d61ed0c678]

GC Heap History (20 events):
Event: 15.690 GC heap after
{Heap after GC invocations=47 (full 0):
 garbage-first heap   total 198656K, used 85266K [0x0000000080000000, 0x0000000100000000)
  region size 1024K, 7 young (7168K), 7 survivors (7168K)
 Metaspace       used 45576K, committed 46016K, reserved 1089536K
  class space    used 5986K, committed 6208K, reserved 1048576K
}
Event: 16.375 GC heap before
{Heap before GC invocations=47 (full 0):
 garbage-first heap   total 198656K, used 170258K [0x0000000080000000, 0x0000000100000000)
  region size 1024K, 90 young (92160K), 7 survivors (7168K)
 Metaspace       used 45577K, committed 46016K, reserved 1089536K
  class space    used 5986K, committed 6208K, reserved 1048576K
}
Event: 16.384 GC heap after
{Heap after GC invocations=48 (full 0):
 garbage-first heap   total 198656K, used 86201K [0x0000000080000000, 0x0000000100000000)
  region size 1024K, 7 young (7168K), 7 survivors (7168K)
 Metaspace       used 45577K, committed 46016K, reserved 1089536K
  class space    used 5986K, committed 6208K, reserved 1048576K
}
Event: 16.897 GC heap before
{Heap before GC invocations=48 (full 0):
 garbage-first heap   total 198656K, used 170169K [0x0000000080000000, 0x0000000100000000)
  region size 1024K, 89 young (91136K), 7 survivors (7168K)
 Metaspace       used 45578K, committed 46016K, reserved 1089536K
  class space    used 5986K, committed 6208K, reserved 1048576K
}
Event: 16.905 GC heap after
{Heap after GC invocations=49 (full 0):
 garbage-first heap   total 198656K, used 87162K [0x0000000080000000, 0x0000000100000000)
  region size 1024K, 8 young (8192K), 8 survivors (8192K)
 Metaspace       used 45578K, committed 46016K, reserved 1089536K
  class space    used 5986K, committed 6208K, reserved 1048576K
}
Event: 17.295 GC heap before
{Heap before GC invocations=49 (full 0):
 garbage-first heap   total 198656K, used 169082K [0x0000000080000000, 0x0000000100000000)
  region size 1024K, 88 young (90112K), 8 survivors (8192K)
 Metaspace       used 45578K, committed 46016K, reserved 1089536K
  class space    used 5986K, committed 6208K, reserved 1048576K
}
Event: 17.302 GC heap after
{Heap after GC invocations=50 (full 0):
 garbage-first heap   total 198656K, used 87473K [0x0000000080000000, 0x0000000100000000)
  region size 1024K, 7 young (7168K), 7 survivors (7168K)
 Metaspace       used 45578K, committed 46016K, reserved 1089536K
  class space    used 5986K, committed 6208K, reserved 1048576K
}
Event: 17.790 GC heap before
{Heap before GC invocations=50 (full 0):
 garbage-first heap   total 198656K, used 173489K [0x0000000080000000, 0x0000000100000000)
  region size 1024K, 87 young (89088K), 7 survivors (7168K)
 Metaspace       used 45578K, committed 46016K, reserved 1089536K
  class space    used 5986K, committed 6208K, reserved 1048576K
}
Event: 17.798 GC heap after
{Heap after GC invocations=51 (full 0):
 garbage-first heap   total 238592K, used 89352K [0x0000000080000000, 0x0000000100000000)
  region size 1024K, 8 young (8192K), 8 survivors (8192K)
 Metaspace       used 45578K, committed 46016K, reserved 1089536K
  class space    used 5986K, committed 6208K, reserved 1048576K
}
Event: 18.254 GC heap before
{Heap before GC invocations=51 (full 0):
 garbage-first heap   total 238592K, used 204040K [0x0000000080000000, 0x0000000100000000)
  region size 1024K, 121 young (123904K), 8 survivors (8192K)
 Metaspace       used 45579K, committed 46016K, reserved 1089536K
  class space    used 5986K, committed 6208K, reserved 1048576K
}
Event: 18.261 GC heap after
{Heap after GC invocations=52 (full 0):
 garbage-first heap   total 238592K, used 90579K [0x0000000080000000, 0x0000000100000000)
  region size 1024K, 9 young (9216K), 9 survivors (9216K)
 Metaspace       used 45579K, committed 46016K, reserved 1089536K
  class space    used 5986K, committed 6208K, reserved 1048576K
}
Event: 18.632 GC heap before
{Heap before GC invocations=52 (full 0):
 garbage-first heap   total 238592K, used 213459K [0x0000000080000000, 0x0000000100000000)
  region size 1024K, 120 young (122880K), 9 survivors (9216K)
 Metaspace       used 45582K, committed 46016K, reserved 1089536K
  class space    used 5987K, committed 6208K, reserved 1048576K
}
Event: 18.641 GC heap after
{Heap after GC invocations=53 (full 0):
 garbage-first heap   total 238592K, used 91459K [0x0000000080000000, 0x0000000100000000)
  region size 1024K, 9 young (9216K), 9 survivors (9216K)
 Metaspace       used 45582K, committed 46016K, reserved 1089536K
  class space    used 5987K, committed 6208K, reserved 1048576K
}
Event: 19.125 GC heap before
{Heap before GC invocations=53 (full 0):
 garbage-first heap   total 238592K, used 204099K [0x0000000080000000, 0x0000000100000000)
  region size 1024K, 119 young (121856K), 9 survivors (9216K)
 Metaspace       used 45583K, committed 46016K, reserved 1089536K
  class space    used 5987K, committed 6208K, reserved 1048576K
}
Event: 19.136 GC heap after
{Heap after GC invocations=54 (full 0):
 garbage-first heap   total 238592K, used 93023K [0x0000000080000000, 0x0000000100000000)
  region size 1024K, 9 young (9216K), 9 survivors (9216K)
 Metaspace       used 45583K, committed 46016K, reserved 1089536K
  class space    used 5987K, committed 6208K, reserved 1048576K
}
Event: 19.575 GC heap before
{Heap before GC invocations=54 (full 0):
 garbage-first heap   total 238592K, used 205663K [0x0000000080000000, 0x0000000100000000)
  region size 1024K, 118 young (120832K), 9 survivors (9216K)
 Metaspace       used 45583K, committed 46016K, reserved 1089536K
  class space    used 5987K, committed 6208K, reserved 1048576K
}
Event: 19.587 GC heap after
{Heap after GC invocations=55 (full 0):
 garbage-first heap   total 238592K, used 94493K [0x0000000080000000, 0x0000000100000000)
  region size 1024K, 9 young (9216K), 9 survivors (9216K)
 Metaspace       used 45583K, committed 46016K, reserved 1089536K
  class space    used 5987K, committed 6208K, reserved 1048576K
}
Event: 20.021 GC heap before
{Heap before GC invocations=55 (full 0):
 garbage-first heap   total 238592K, used 205085K [0x0000000080000000, 0x0000000100000000)
  region size 1024K, 115 young (117760K), 9 survivors (9216K)
 Metaspace       used 45583K, committed 46016K, reserved 1089536K
  class space    used 5987K, committed 6208K, reserved 1048576K
}
Event: 20.030 GC heap after
{Heap after GC invocations=56 (full 0):
 garbage-first heap   total 238592K, used 95516K [0x0000000080000000, 0x0000000100000000)
  region size 1024K, 10 young (10240K), 10 survivors (10240K)
 Metaspace       used 45583K, committed 46016K, reserved 1089536K
  class space    used 5987K, committed 6208K, reserved 1048576K
}
Event: 20.443 GC heap before
{Heap before GC invocations=56 (full 0):
 garbage-first heap   total 238592K, used 202012K [0x0000000080000000, 0x0000000100000000)
  region size 1024K, 114 young (116736K), 10 survivors (10240K)
 Metaspace       used 45583K, committed 46016K, reserved 1089536K
  class space    used 5987K, committed 6208K, reserved 1048576K
}

Dll operation events (2 events):
Event: 0.009 Loaded shared library C:\Program Files\Android\Android Studio\jbr\bin\java.dll
Event: 0.487 Loaded shared library C:\Program Files\Android\Android Studio\jbr\bin\verify.dll

Deoptimization events (20 events):
Event: 16.944 Thread 0x000001d638f7a520 DEOPT PACKING pc=0x000001d61f44e0b4 sp=0x00000003854fe860
Event: 16.944 Thread 0x000001d638f7a520 DEOPT UNPACKING pc=0x000001d6260dace3 sp=0x00000003854fdd78 mode 0
Event: 16.970 Thread 0x000001d638f7a520 Uncommon trap: trap_request=0xffffffdc fr.pc=0x000001d6266727c0 relative=0x0000000000002800
Event: 16.970 Thread 0x000001d638f7a520 Uncommon trap: reason=class_check action=make_not_entrant pc=0x000001d6266727c0 method=java.util.ArrayList.toArray([Ljava/lang/Object;)[Ljava/lang/Object; @ 21 c2
Event: 16.970 Thread 0x000001d638f7a520 DEOPT PACKING pc=0x000001d6266727c0 sp=0x00000003854fe9e0
Event: 16.970 Thread 0x000001d638f7a520 DEOPT UNPACKING pc=0x000001d6260da1a3 sp=0x00000003854fe980 mode 2
Event: 17.129 Thread 0x000001d638f7a520 DEOPT PACKING pc=0x000001d61f44e0b4 sp=0x00000003854fe200
Event: 17.129 Thread 0x000001d638f7a520 DEOPT UNPACKING pc=0x000001d6260dace3 sp=0x00000003854fd718 mode 0
Event: 19.495 Thread 0x000001d638f7a520 Uncommon trap: trap_request=0xffffffe4 fr.pc=0x000001d6267123e0 relative=0x0000000000000ba0
Event: 19.495 Thread 0x000001d638f7a520 Uncommon trap: reason=range_check action=make_not_entrant pc=0x000001d6267123e0 method=org.objectweb.asm.ClassReader.readUnsignedShort(I)I @ 19 c2
Event: 19.495 Thread 0x000001d638f7a520 DEOPT PACKING pc=0x000001d6267123e0 sp=0x00000003854fe630
Event: 19.495 Thread 0x000001d638f7a520 DEOPT UNPACKING pc=0x000001d6260da1a3 sp=0x00000003854fe598 mode 2
Event: 19.512 Thread 0x000001d638f7a520 Uncommon trap: trap_request=0xffffff45 fr.pc=0x000001d6266a3cb8 relative=0x0000000000000158
Event: 19.512 Thread 0x000001d638f7a520 Uncommon trap: reason=unstable_if action=reinterpret pc=0x000001d6266a3cb8 method=org.objectweb.asm.Label.accept(Lorg/objectweb/asm/MethodVisitor;Z)V @ 32 c2
Event: 19.512 Thread 0x000001d638f7a520 DEOPT PACKING pc=0x000001d6266a3cb8 sp=0x00000003854fe6c0
Event: 19.512 Thread 0x000001d638f7a520 DEOPT UNPACKING pc=0x000001d6260da1a3 sp=0x00000003854fe660 mode 2
Event: 19.724 Thread 0x000001d638f7a520 Uncommon trap: trap_request=0xffffff45 fr.pc=0x000001d626641b2c relative=0x000000000000138c
Event: 19.724 Thread 0x000001d638f7a520 Uncommon trap: reason=unstable_if action=reinterpret pc=0x000001d626641b2c method=org.objectweb.asm.MethodWriter.visitJumpInsn(ILorg/objectweb/asm/Label;)V @ 243 c2
Event: 19.724 Thread 0x000001d638f7a520 DEOPT PACKING pc=0x000001d626641b2c sp=0x00000003854fe650
Event: 19.724 Thread 0x000001d638f7a520 DEOPT UNPACKING pc=0x000001d6260da1a3 sp=0x00000003854fe610 mode 2

Classes unloaded (0 events):
No events

Classes redefined (0 events):
No events

Internal exceptions (20 events):
Event: 6.463 Thread 0x000001d637926270 Exception <a 'java/lang/ClassNotFoundException'{0x0000000086cc7c18}: org/gradle/api/internal/artifacts/dsl/dependencies/DefaultDependencyHandlerCustomizer> (0x0000000086cc7c18) 
thrown [s\src\hotspot\share\classfile\systemDictionary.cpp, line 256]
Event: 6.467 Thread 0x000001d637926270 Exception <a 'java/lang/ClassNotFoundException'{0x0000000086b044f8}: org/gradle/api/internal/artifacts/dsl/dependencies/DefaultDependencyHandler_DecoratedCustomizer> (0x0000000086b044f8) 
thrown [s\src\hotspot\share\classfile\systemDictionary.cpp, line 256]
Event: 6.554 Thread 0x000001d637926270 Exception <a 'java/lang/NoSuchMethodError'{0x00000000869ed248}: 'java.lang.Object java.lang.invoke.DirectMethodHandle$Holder.newInvokeSpecial(java.lang.Object, int, java.lang.Object)'> (0x00000000869ed248) 
thrown [s\src\hotspot\share\interpreter\linkResolver.cpp, line 771]
Event: 6.677 Thread 0x000001d637926270 Exception <a 'java/lang/NoSuchMethodError'{0x000000008646a140}: 'int java.lang.invoke.DirectMethodHandle$Holder.invokeInterface(java.lang.Object, java.lang.Object)'> (0x000000008646a140) 
thrown [s\src\hotspot\share\interpreter\linkResolver.cpp, line 771]
Event: 6.678 Thread 0x000001d637926270 Exception <a 'java/lang/IncompatibleClassChangeError'{0x000000008646e418}: Found class java.lang.Object, but interface was expected> (0x000000008646e418) 
thrown [s\src\hotspot\share\interpreter\linkResolver.cpp, line 838]
Event: 6.679 Thread 0x000001d637926270 Exception <a 'java/lang/NoSuchMethodError'{0x0000000086475e48}: 'int java.lang.invoke.DirectMethodHandle$Holder.invokeSpecialIFC(java.lang.Object, java.lang.Object, java.lang.Object, java.lang.Object, java.lang.Object)'> (0x0000000086475e48) 
thrown [s\src\hotspot\share\interpreter\linkResolver.cpp, line 771]
Event: 6.791 Thread 0x000001d637926270 Exception <a 'java/lang/NoSuchMethodError'{0x0000000086079eb8}: 'java.lang.Object java.lang.invoke.DirectMethodHandle$Holder.newInvokeSpecial(java.lang.Object, java.lang.Object, int)'> (0x0000000086079eb8) 
thrown [s\src\hotspot\share\interpreter\linkResolver.cpp, line 771]
Event: 6.831 Thread 0x000001d637926270 Exception <a 'java/lang/NoSuchMethodError'{0x0000000085fbef28}: 'int java.lang.invoke.DirectMethodHandle$Holder.invokeStatic(java.lang.Object)'> (0x0000000085fbef28) 
thrown [s\src\hotspot\share\interpreter\linkResolver.cpp, line 771]
Event: 6.832 Thread 0x000001d637926270 Exception <a 'java/lang/NoSuchMethodError'{0x0000000085fc3318}: 'int java.lang.invoke.DirectMethodHandle$Holder.invokeStaticInit(java.lang.Object)'> (0x0000000085fc3318) 
thrown [s\src\hotspot\share\interpreter\linkResolver.cpp, line 771]
Event: 6.879 Thread 0x000001d638f749b0 Exception <a 'sun/nio/fs/WindowsException'{0x0000000085ec4ee8}> (0x0000000085ec4ee8) 
thrown [s\src\hotspot\share\prims\jni.cpp, line 517]
Event: 6.890 Thread 0x000001d638f749b0 Exception <a 'sun/nio/fs/WindowsException'{0x0000000085d1a228}> (0x0000000085d1a228) 
thrown [s\src\hotspot\share\prims\jni.cpp, line 517]
Event: 6.891 Thread 0x000001d638f749b0 Exception <a 'sun/nio/fs/WindowsException'{0x0000000085d1a3a0}> (0x0000000085d1a3a0) 
thrown [s\src\hotspot\share\prims\jni.cpp, line 517]
Event: 6.901 Thread 0x000001d637926270 Exception <a 'java/lang/ClassNotFoundException'{0x0000000085d8e488}: sync_studio_tooling8_7aksul0x6hmvks0qi33jmkvehBeanInfo> (0x0000000085d8e488) 
thrown [s\src\hotspot\share\classfile\systemDictionary.cpp, line 256]
Event: 6.902 Thread 0x000001d637926270 Exception <a 'java/lang/ClassNotFoundException'{0x0000000085d94d38}: sync_studio_tooling8_7aksul0x6hmvks0qi33jmkvehCustomizer> (0x0000000085d94d38) 
thrown [s\src\hotspot\share\classfile\systemDictionary.cpp, line 256]
Event: 6.936 Thread 0x000001d637926270 Exception <a 'java/lang/ClassNotFoundException'{0x00000000858608b8}: ijinit1_9cggfgag52a53zu0polsnlmioBeanInfo> (0x00000000858608b8) 
thrown [s\src\hotspot\share\classfile\systemDictionary.cpp, line 256]
Event: 6.937 Thread 0x000001d637926270 Exception <a 'java/lang/ClassNotFoundException'{0x0000000085867150}: ijinit1_9cggfgag52a53zu0polsnlmioCustomizer> (0x0000000085867150) 
thrown [s\src\hotspot\share\classfile\systemDictionary.cpp, line 256]
Event: 6.946 Thread 0x000001d637926270 Exception <a 'java/lang/ClassNotFoundException'{0x00000000858aa268}: ijinit1_9cggfgag52a53zu0polsnlmio$_run_closure1BeanInfo> (0x00000000858aa268) 
thrown [s\src\hotspot\share\classfile\systemDictionary.cpp, line 256]
Event: 6.946 Thread 0x000001d637926270 Exception <a 'java/lang/ClassNotFoundException'{0x00000000858b11f0}: ijinit1_9cggfgag52a53zu0polsnlmio$_run_closure1Customizer> (0x00000000858b11f0) 
thrown [s\src\hotspot\share\classfile\systemDictionary.cpp, line 256]
Event: 7.080 Thread 0x000001d638f7a520 Exception <a 'sun/nio/fs/WindowsException'{0x00000000865f40a8}> (0x00000000865f40a8) 
thrown [s\src\hotspot\share\prims\jni.cpp, line 517]
Event: 19.724 Thread 0x000001d638f7a520 Implicit null exception at 0x000001d62664086c to 0x000001d626641b0c

VM Operations (20 events):
Event: 16.693 Executing VM operation: HandshakeAllThreads done
Event: 16.848 Executing VM operation: HandshakeAllThreads
Event: 16.849 Executing VM operation: HandshakeAllThreads done
Event: 16.897 Executing VM operation: G1CollectForAllocation
Event: 16.905 Executing VM operation: G1CollectForAllocation done
Event: 17.295 Executing VM operation: G1CollectForAllocation
Event: 17.302 Executing VM operation: G1CollectForAllocation done
Event: 17.790 Executing VM operation: G1CollectForAllocation
Event: 17.798 Executing VM operation: G1CollectForAllocation done
Event: 18.253 Executing VM operation: G1CollectForAllocation
Event: 18.261 Executing VM operation: G1CollectForAllocation done
Event: 18.632 Executing VM operation: G1CollectForAllocation
Event: 18.641 Executing VM operation: G1CollectForAllocation done
Event: 19.124 Executing VM operation: G1CollectForAllocation
Event: 19.136 Executing VM operation: G1CollectForAllocation done
Event: 19.575 Executing VM operation: G1CollectForAllocation
Event: 19.587 Executing VM operation: G1CollectForAllocation done
Event: 20.021 Executing VM operation: G1CollectForAllocation
Event: 20.030 Executing VM operation: G1CollectForAllocation done
Event: 20.442 Executing VM operation: G1CollectForAllocation

Events (20 events):
Event: 16.859 Thread 0x000001d63602e5a0 flushing nmethod 0x000001d61f440b10
Event: 16.859 Thread 0x000001d63602e5a0 flushing nmethod 0x000001d61f447d10
Event: 16.859 Thread 0x000001d63602e5a0 flushing nmethod 0x000001d61f448310
Event: 16.859 Thread 0x000001d63602e5a0 flushing nmethod 0x000001d61f44c510
Event: 16.859 Thread 0x000001d63602e5a0 flushing nmethod 0x000001d61f44fa10
Event: 16.859 Thread 0x000001d63602e5a0 flushing nmethod 0x000001d61f45d290
Event: 16.859 Thread 0x000001d63602e5a0 flushing nmethod 0x000001d61f468610
Event: 16.859 Thread 0x000001d63602e5a0 flushing nmethod 0x000001d61f47ab90
Event: 16.859 Thread 0x000001d63602e5a0 flushing nmethod 0x000001d61f47c990
Event: 16.859 Thread 0x000001d63602e5a0 flushing nmethod 0x000001d61f486310
Event: 16.859 Thread 0x000001d63602e5a0 flushing nmethod 0x000001d61f488690
Event: 16.859 Thread 0x000001d63602e5a0 flushing nmethod 0x000001d61f48ed90
Event: 16.859 Thread 0x000001d63602e5a0 flushing nmethod 0x000001d61f4a0e90
Event: 16.859 Thread 0x000001d63602e5a0 flushing nmethod 0x000001d61f4b4a90
Event: 16.859 Thread 0x000001d63602e5a0 flushing nmethod 0x000001d61f4c2010
Event: 16.859 Thread 0x000001d63602e5a0 flushing nmethod 0x000001d61f4dc990
Event: 16.859 Thread 0x000001d63602e5a0 flushing nmethod 0x000001d61f4ec310
Event: 16.859 Thread 0x000001d63602e5a0 flushing nmethod 0x000001d61f4f5c90
Event: 18.289 loading class jdk/internal/access/foreign/MemorySegmentProxy
Event: 18.289 loading class jdk/internal/access/foreign/MemorySegmentProxy done


Dynamic libraries:
0x00007ff6c0c50000 - 0x00007ff6c0c5a000 	C:\Program Files\Android\Android Studio\jbr\bin\java.exe
0x00007ffc1e3b0000 - 0x00007ffc1e5a5000 	C:\Windows\SYSTEM32\ntdll.dll
0x00007ffc1ccd0000 - 0x00007ffc1cd8d000 	C:\Windows\System32\KERNEL32.DLL
0x00007ffc1baf0000 - 0x00007ffc1bdb7000 	C:\Windows\System32\KERNELBASE.dll
0x00007ffc1bdc0000 - 0x00007ffc1bec0000 	C:\Windows\System32\ucrtbase.dll
0x00007ffc0bd10000 - 0x00007ffc0bd2b000 	C:\Program Files\Android\Android Studio\jbr\bin\VCRUNTIME140.dll
0x00007ffc0b7b0000 - 0x00007ffc0b7c7000 	C:\Program Files\Android\Android Studio\jbr\bin\jli.dll
0x00007ffc1ca30000 - 0x00007ffc1cbd0000 	C:\Windows\System32\USER32.dll
0x00007ffc1c3e0000 - 0x00007ffc1c402000 	C:\Windows\System32\win32u.dll
0x00007ffc081e0000 - 0x00007ffc0847b000 	C:\Windows\WinSxS\amd64_microsoft.windows.common-controls_6595b64144ccf1df_6.0.19041.488_none_ca04af081b815d21\COMCTL32.dll
0x00007ffc1dbb0000 - 0x00007ffc1dbda000 	C:\Windows\System32\GDI32.dll
0x00007ffc1cbd0000 - 0x00007ffc1cc6e000 	C:\Windows\System32\msvcrt.dll
0x00007ffc1c220000 - 0x00007ffc1c329000 	C:\Windows\System32\gdi32full.dll
0x00007ffc1bec0000 - 0x00007ffc1bf5d000 	C:\Windows\System32\msvcp_win.dll
0x00007ffc1c9a0000 - 0x00007ffc1c9d0000 	C:\Windows\System32\IMM32.DLL
0x00007ffc174a0000 - 0x00007ffc174ac000 	C:\Program Files\Android\Android Studio\jbr\bin\vcruntime140_1.dll
0x00007ffbe7960000 - 0x00007ffbe79ed000 	C:\Program Files\Android\Android Studio\jbr\bin\msvcp140.dll
0x00007ffbd20a0000 - 0x00007ffbd2d0d000 	C:\Program Files\Android\Android Studio\jbr\bin\server\jvm.dll
0x00007ffc1c410000 - 0x00007ffc1c4ba000 	C:\Windows\System32\ADVAPI32.dll
0x00007ffc1e110000 - 0x00007ffc1e1ab000 	C:\Windows\System32\sechost.dll
0x00007ffc1e1e0000 - 0x00007ffc1e304000 	C:\Windows\System32\RPCRT4.dll
0x00007ffc08e40000 - 0x00007ffc08e67000 	C:\Windows\SYSTEM32\WINMM.dll
0x00007ffc160b0000 - 0x00007ffc160ba000 	C:\Windows\SYSTEM32\VERSION.dll
0x00007ffc160f0000 - 0x00007ffc160f9000 	C:\Windows\SYSTEM32\WSOCK32.dll
0x00007ffc1c4c0000 - 0x00007ffc1c52b000 	C:\Windows\System32\WS2_32.dll
0x00007ffc19a60000 - 0x00007ffc19a73000 	C:\Windows\SYSTEM32\kernel.appcore.dll
0x00007ffc0be80000 - 0x00007ffc0be8a000 	C:\Program Files\Android\Android Studio\jbr\bin\jimage.dll
0x00007ffc19200000 - 0x00007ffc193e4000 	C:\Windows\SYSTEM32\DBGHELP.DLL
0x00007ffc05610000 - 0x00007ffc0563c000 	C:\Windows\SYSTEM32\dbgcore.DLL
0x00007ffc1c360000 - 0x00007ffc1c3df000 	C:\Windows\System32\bcryptPrimitives.dll
0x00007ffc0bce0000 - 0x00007ffc0bd05000 	C:\Program Files\Android\Android Studio\jbr\bin\java.dll
0x00007ffc0a550000 - 0x00007ffc0a568000 	C:\Program Files\Android\Android Studio\jbr\bin\zip.dll
0x00007ffc1d460000 - 0x00007ffc1dba1000 	C:\Windows\System32\SHELL32.dll
0x00007ffc19c10000 - 0x00007ffc1a3a3000 	C:\Windows\SYSTEM32\windows.storage.dll
0x00007ffc1cd90000 - 0x00007ffc1d0e5000 	C:\Windows\System32\combase.dll
0x00007ffc1b490000 - 0x00007ffc1b4bc000 	C:\Windows\SYSTEM32\Wldp.dll
0x00007ffc1d100000 - 0x00007ffc1d1ae000 	C:\Windows\System32\SHCORE.dll
0x00007ffc1d400000 - 0x00007ffc1d455000 	C:\Windows\System32\shlwapi.dll
0x00007ffc1ba20000 - 0x00007ffc1ba46000 	C:\Windows\SYSTEM32\profapi.dll
0x00007ffc02e90000 - 0x00007ffc02ea9000 	C:\Program Files\Android\Android Studio\jbr\bin\net.dll
0x00007ffc0aac0000 - 0x00007ffc0abc0000 	C:\Windows\SYSTEM32\WINHTTP.dll
0x00007ffc1b1c0000 - 0x00007ffc1b22a000 	C:\Windows\system32\mswsock.dll
0x00007ffbf8a50000 - 0x00007ffbf8a66000 	C:\Program Files\Android\Android Studio\jbr\bin\nio.dll
0x00007ffc0a470000 - 0x00007ffc0a480000 	C:\Program Files\Android\Android Studio\jbr\bin\verify.dll
0x00007ffc09010000 - 0x00007ffc09037000 	C:\Users\Varun Sen\.gradle\native\e1d6ef7f7dcc3fd88c89a11ec53ec762bb8ba0a96d01ffa2cd45eb1d1d8dd5c5\windows-amd64\native-platform.dll
0x00007ffbe63f0000 - 0x00007ffbe6534000 	C:\Users\Varun Sen\.gradle\native\5664cfc778a61ccfe75a443a1ab52a65af34e5dc3c78e0209fed803814484fcb\windows-amd64\native-platform-file-events.dll
0x00007ffc0bd90000 - 0x00007ffc0bd99000 	C:\Program Files\Android\Android Studio\jbr\bin\management.dll
0x00007ffc0a5b0000 - 0x00007ffc0a5bb000 	C:\Program Files\Android\Android Studio\jbr\bin\management_ext.dll
0x00007ffc1d0f0000 - 0x00007ffc1d0f8000 	C:\Windows\System32\PSAPI.DLL
0x00007ffc1b360000 - 0x00007ffc1b378000 	C:\Windows\SYSTEM32\CRYPTSP.dll
0x00007ffc1ab60000 - 0x00007ffc1ab94000 	C:\Windows\system32\rsaenh.dll
0x00007ffc1c330000 - 0x00007ffc1c357000 	C:\Windows\System32\bcrypt.dll
0x00007ffc1b9a0000 - 0x00007ffc1b9ce000 	C:\Windows\SYSTEM32\USERENV.dll
0x00007ffc1b380000 - 0x00007ffc1b38c000 	C:\Windows\SYSTEM32\CRYPTBASE.dll
0x00007ffc1aec0000 - 0x00007ffc1aefb000 	C:\Windows\SYSTEM32\IPHLPAPI.DLL
0x00007ffc1e1d0000 - 0x00007ffc1e1d9000 	C:\Windows\System32\NSI.dll
0x00007ffc13470000 - 0x00007ffc13487000 	C:\Windows\SYSTEM32\dhcpcsvc6.DLL
0x00007ffc14090000 - 0x00007ffc140ad000 	C:\Windows\SYSTEM32\dhcpcsvc.DLL
0x00007ffc1af00000 - 0x00007ffc1afcb000 	C:\Windows\SYSTEM32\DNSAPI.dll
0x00007ffc09960000 - 0x00007ffc09967000 	C:\Windows\system32\wshunix.dll

dbghelp: loaded successfully - version: 4.0.5 - missing functions: none
symbol engine: initialized successfully - sym options: 0x614 - pdb path: .;C:\Program Files\Android\Android Studio\jbr\bin;C:\Windows\SYSTEM32;C:\Windows\WinSxS\amd64_microsoft.windows.common-controls_6595b64144ccf1df_6.0.19041.488_none_ca04af081b815d21;C:\Program Files\Android\Android Studio\jbr\bin\server;C:\Users\Varun Sen\.gradle\native\e1d6ef7f7dcc3fd88c89a11ec53ec762bb8ba0a96d01ffa2cd45eb1d1d8dd5c5\windows-amd64;C:\Users\Varun Sen\.gradle\native\5664cfc778a61ccfe75a443a1ab52a65af34e5dc3c78e0209fed803814484fcb\windows-amd64

VM Arguments:
jvm_args: --add-opens=java.base/java.util=ALL-UNNAMED --add-opens=java.base/java.lang=ALL-UNNAMED --add-opens=java.base/java.lang.invoke=ALL-UNNAMED --add-opens=java.base/java.util=ALL-UNNAMED --add-opens=java.prefs/java.util.prefs=ALL-UNNAMED --add-opens=java.prefs/java.util.prefs=ALL-UNNAMED --add-opens=java.base/java.nio.charset=ALL-UNNAMED --add-opens=java.base/java.net=ALL-UNNAMED --add-opens=java.base/java.util.concurrent.atomic=ALL-UNNAMED -Xmx2048m -Dfile.encoding=UTF-8 -Duser.country=IN -Duser.language=en -Duser.variant 
java_command: org.gradle.launcher.daemon.bootstrap.GradleDaemon 7.3.3
java_class_path (initial): C:\Users\Varun Sen\.gradle\wrapper\dists\gradle-7.3.3-bin\6a41zxkdtcxs8rphpq6y0069z\gradle-7.3.3\lib\gradle-launcher-7.3.3.jar
Launcher Type: SUN_STANDARD

[Global flags]
     intx CICompilerCount                          = 4                                         {product} {ergonomic}
     uint ConcGCThreads                            = 2                                         {product} {ergonomic}
     uint G1ConcRefinementThreads                  = 8                                         {product} {ergonomic}
   size_t G1HeapRegionSize                         = 1048576                                   {product} {ergonomic}
    uintx GCDrainStackTargetSize                   = 64                                        {product} {ergonomic}
   size_t InitialHeapSize                          = 197132288                                 {product} {ergonomic}
   size_t MarkStackSize                            = 4194304                                   {product} {ergonomic}
   size_t MaxHeapSize                              = 2147483648                                {product} {command line}
   size_t MaxNewSize                               = 1287651328                                {product} {ergonomic}
   size_t MinHeapDeltaBytes                        = 1048576                                   {product} {ergonomic}
   size_t MinHeapSize                              = 8388608                                   {product} {ergonomic}
    uintx NonNMethodCodeHeapSize                   = 5839372                                {pd product} {ergonomic}
    uintx NonProfiledCodeHeapSize                  = 122909434                              {pd product} {ergonomic}
    uintx ProfiledCodeHeapSize                     = 122909434                              {pd product} {ergonomic}
    uintx ReservedCodeCacheSize                    = 251658240                              {pd product} {ergonomic}
     bool SegmentedCodeCache                       = true                                      {product} {ergonomic}
   size_t SoftMaxHeapSize                          = 2147483648                             {manageable} {ergonomic}
     bool UseCompressedClassPointers               = true                           {product lp64_product} {ergonomic}
     bool UseCompressedOops                        = true                           {product lp64_product} {ergonomic}
     bool UseG1GC                                  = true                                      {product} {ergonomic}
     bool UseLargePagesIndividualAllocation        = false                                  {pd product} {ergonomic}

Logging:
Log output configuration:
 #0: stdout all=warning uptime,level,tags
 #1: stderr all=off uptime,level,tags

Environment Variables:
JAVA_HOME=C:\Program Files\Java\jdk1.8.0_45
PATH=C:\Program Files\Common Files\Oracle\Java\javapath;C:\Program Files (x86)\NVIDIA Corporation\PhysX\Common;C:\Windows\system32;C:\Windows;C:\Windows\System32\Wbem;C:\Windows\System32\WindowsPowerShell\v1.0\;C:\Windows\System32\OpenSSH\;C:\Windows\system32\config\systemprofile\.dnx\bin;C:\Program Files\Microsoft DNX\Dnvm\;C:\MinGW\bin;C:\Program Files\dotnet\;C:\Program Files\Git\cmd;C:\Users\Varun Sen\.cargo\bin;C:\Program Files\MySQL\MySQL Shell 8.0\bin\;C:\Users\Varun Sen\AppData\Local\Programs\Python\Python38-32\Scripts\;C:\Users\Varun Sen\AppData\Local\Programs\Python\Python38-32\;C:\Users\Varun Sen\AppData\Local\Microsoft\WindowsApps;C:\Users\Varun Sen\AppData\Local\Programs\Microsoft VS Code\bin;C:\Program Files (x86)\mingw-w64\i686-8.1.0-posix-dwarf-rt_v6-rev0\mingw32\bin;;C:\Program Files\JetBrains\IntelliJ IDEA Community Edition 2021.2.3\bin;
USERNAME=Varun Sen
OS=Windows_NT
PROCESSOR_IDENTIFIER=Intel64 Family 6 Model 126 Stepping 5, GenuineIntel
TMP=C:\Users\VARUNS~1\AppData\Local\Temp
TEMP=C:\Users\VARUNS~1\AppData\Local\Temp



---------------  S Y S T E M  ---------------

OS:
 Windows 10 , 64 bit Build 19041 (10.0.19041.292)
OS uptime: 0 days 22:00 hours
Hyper-V role detected

CPU: total 8 (initial active 8) (4 cores per cpu, 2 threads per core) family 6 model 126 stepping 5 microcode 0xa6, cx8, cmov, fxsr, ht, mmx, 3dnowpref, sse, sse2, sse3, ssse3, sse4.1, sse4.2, popcnt, lzcnt, tsc, tscinvbit, avx, avx2, aes, erms, clmul, bmi1, bmi2, adx, avx512f, avx512dq, avx512cd, avx512bw, avx512vl, sha, fma, vzeroupper, avx512_vpopcntdq, avx512_vpclmulqdq, avx512_vaes, avx512_vnni, clflush, clflushopt, avx512_vbmi2, avx512_vbmi, hv

Memory: 4k page, system-wide physical 12030M (338M free)
TotalPageFile size 42395M (AvailPageFile size 48M)
current process WorkingSet (physical memory assigned to process): 386M, peak: 397M
current process commit charge ("private bytes"): 420M, peak: 466M

vm_info: OpenJDK 64-Bit Server VM (17.0.6+0-b2043.56-9586694) for windows-amd64 JRE (17.0.6+0-b2043.56-9586694), built on Feb  9 2023 20:06:20 by "androidbuild" with MS VC++ 16.10 / 16.11 (VS2019)

END.
