#
# There is insufficient memory for the Java Runtime Environment to continue.
# Native memory allocation (malloc) failed to allocate 740096 bytes for Chunk::new
# Possible reasons:
#   The system is out of physical RAM or swap space
#   The process is running with CompressedOops enabled, and the Java Heap may be blocking the growth of the native heap
# Possible solutions:
#   Reduce memory load on the system
#   Increase physical memory or swap space
#   Check if swap backing store is full
#   Decrease Java heap size (-Xmx/-Xms)
#   Decrease number of Java threads
#   Decrease Java thread stack sizes (-Xss)
#   Set larger code cache with -XX:ReservedCodeCacheSize=
#   JVM is running with Unscaled Compressed Oops mode in which the Java heap is
#     placed in the first 4GB address space. The Java Heap base address is the
#     maximum limit for the native heap growth. Please use -XX:HeapBaseMinAddress
#     to set the Java Heap base and to place the Java Heap above 4GB virtual address.
# This output file may be truncated or incomplete.
#
#  Out of Memory Error (arena.cpp:189), pid=18684, tid=25136
#
# JRE version: OpenJDK Runtime Environment (17.0.6) (build 17.0.6+0-b2043.56-9586694)
# Java VM: OpenJDK 64-Bit Server VM (17.0.6+0-b2043.56-9586694, mixed mode, tiered, compressed oops, compressed class ptrs, g1 gc, windows-amd64)
# No core dump will be written. Minidumps are not enabled by default on client versions of Windows
#

---------------  S U M M A R Y ------------

Command Line: --add-opens=java.base/java.util=ALL-UNNAMED --add-opens=java.base/java.lang=ALL-UNNAMED --add-opens=java.base/java.lang.invoke=ALL-UNNAMED --add-opens=java.base/java.util=ALL-UNNAMED --add-opens=java.prefs/java.util.prefs=ALL-UNNAMED --add-opens=java.prefs/java.util.prefs=ALL-UNNAMED --add-opens=java.base/java.nio.charset=ALL-UNNAMED --add-opens=java.base/java.net=ALL-UNNAMED --add-opens=java.base/java.util.concurrent.atomic=ALL-UNNAMED -Xmx2048m -Dfile.encoding=UTF-8 -Duser.country=IN -Duser.language=en -Duser.variant org.gradle.launcher.daemon.bootstrap.GradleDaemon 7.3.3

Host: Intel(R) Core(TM) i5-1035G1 CPU @ 1.00GHz, 8 cores, 11G,  Windows 10 , 64 bit Build 19041 (10.0.19041.292)
Time: Thu Jun 15 16:14:19 2023 India Standard Time elapsed time: 11.880988 seconds (0d 0h 0m 11s)

---------------  T H R E A D  ---------------

Current thread (0x00000293a2f54750):  JavaThread "C2 CompilerThread1" daemon [_thread_in_native, id=25136, stack(0x000000c1ec500000,0x000000c1ec600000)]


Current CompileTask:
C2:  11881 3959       4       java.lang.invoke.MethodType::makeImpl (109 bytes)

Stack: [0x000000c1ec500000,0x000000c1ec600000]
Native frames: (J=compiled Java code, j=interpreted, Vv=VM code, C=native code)
V  [jvm.dll+0x683b4a]
V  [jvm.dll+0x842654]
V  [jvm.dll+0x843dfe]
V  [jvm.dll+0x844463]
V  [jvm.dll+0x249b75]
V  [jvm.dll+0xabcac]
V  [jvm.dll+0xac27c]
V  [jvm.dll+0x2b0eef]
V  [jvm.dll+0x58a207]
V  [jvm.dll+0x2243b2]
V  [jvm.dll+0x21d8bf]
V  [jvm.dll+0x21b51b]
V  [jvm.dll+0x1a4fdd]
V  [jvm.dll+0x22b098]
V  [jvm.dll+0x229159]
V  [jvm.dll+0x7f809c]
V  [jvm.dll+0x7f25fa]
V  [jvm.dll+0x682985]
C  [ucrtbase.dll+0x214c2]
C  [KERNEL32.DLL+0x16fd4]
C  [ntdll.dll+0x4cec1]


---------------  P R O C E S S  ---------------

Threads class SMR info:
_java_thread_list=0x00000293a4e0ac10, length=42, elements={
0x0000029386b9a2b0, 0x00000293a0a0f5e0, 0x00000293a0a10840, 0x00000293a1432040,
0x00000293a1434910, 0x00000293a1435970, 0x00000293a144a020, 0x00000293a144bb50,
0x00000293a1461220, 0x00000293a14742b0, 0x00000293a15fd3a0, 0x00000293a16040a0,
0x00000293a3be9870, 0x00000293a3beb550, 0x00000293a3beba20, 0x00000293a3be9d40,
0x00000293a3be8a00, 0x00000293a3be8530, 0x00000293a3be8060, 0x00000293a3be8ed0,
0x00000293a3be93a0, 0x00000293a3bea210, 0x00000293a3bea6e0, 0x00000293a3beabb0,
0x00000293a3beb080, 0x00000293a5224770, 0x00000293a52242a0, 0x00000293a5223900,
0x00000293a5228ad0, 0x00000293a5228600, 0x00000293a5228fa0, 0x00000293a5223dd0,
0x00000293a5229470, 0x00000293a5226920, 0x00000293a5224c40, 0x00000293a522a7b0,
0x00000293a5227790, 0x00000293a5227c60, 0x00000293a5225110, 0x00000293a52255e0,
0x00000293a2f54750, 0x00000293a5229e10
}

Java Threads: ( => current thread )
  0x0000029386b9a2b0 JavaThread "main" [_thread_blocked, id=16748, stack(0x000000c1e8e00000,0x000000c1e8f00000)]
  0x00000293a0a0f5e0 JavaThread "Reference Handler" daemon [_thread_blocked, id=23856, stack(0x000000c1e9500000,0x000000c1e9600000)]
  0x00000293a0a10840 JavaThread "Finalizer" daemon [_thread_blocked, id=16896, stack(0x000000c1e9600000,0x000000c1e9700000)]
  0x00000293a1432040 JavaThread "Signal Dispatcher" daemon [_thread_blocked, id=22300, stack(0x000000c1e9700000,0x000000c1e9800000)]
  0x00000293a1434910 JavaThread "Attach Listener" daemon [_thread_blocked, id=22316, stack(0x000000c1e9800000,0x000000c1e9900000)]
  0x00000293a1435970 JavaThread "Service Thread" daemon [_thread_blocked, id=2808, stack(0x000000c1e9900000,0x000000c1e9a00000)]
  0x00000293a144a020 JavaThread "Monitor Deflation Thread" daemon [_thread_blocked, id=24052, stack(0x000000c1e9a00000,0x000000c1e9b00000)]
  0x00000293a144bb50 JavaThread "C2 CompilerThread0" daemon [_thread_in_native, id=22820, stack(0x000000c1e9b00000,0x000000c1e9c00000)]
  0x00000293a1461220 JavaThread "C1 CompilerThread0" daemon [_thread_blocked, id=24060, stack(0x000000c1e9c00000,0x000000c1e9d00000)]
  0x00000293a14742b0 JavaThread "Sweeper thread" daemon [_thread_blocked, id=1272, stack(0x000000c1e9d00000,0x000000c1e9e00000)]
  0x00000293a15fd3a0 JavaThread "Common-Cleaner" daemon [_thread_blocked, id=19096, stack(0x000000c1e9e00000,0x000000c1e9f00000)]
  0x00000293a16040a0 JavaThread "Notification Thread" daemon [_thread_blocked, id=24356, stack(0x000000c1e9f00000,0x000000c1ea000000)]
  0x00000293a3be9870 JavaThread "Daemon health stats" [_thread_blocked, id=24756, stack(0x000000c1ea600000,0x000000c1ea700000)]
  0x00000293a3beb550 JavaThread "Incoming local TCP Connector on port 60753" [_thread_in_native, id=24836, stack(0x000000c1ea100000,0x000000c1ea200000)]
  0x00000293a3beba20 JavaThread "Daemon periodic checks" [_thread_blocked, id=24848, stack(0x000000c1ea700000,0x000000c1ea800000)]
  0x00000293a3be9d40 JavaThread "Daemon" [_thread_blocked, id=24888, stack(0x000000c1ea900000,0x000000c1eaa00000)]
  0x00000293a3be8a00 JavaThread "Handler for socket connection from /127.0.0.1:60753 to /127.0.0.1:60755" [_thread_in_native, id=24892, stack(0x000000c1eaa00000,0x000000c1eab00000)]
  0x00000293a3be8530 JavaThread "Cancel handler" [_thread_blocked, id=24900, stack(0x000000c1ea800000,0x000000c1ea900000)]
  0x00000293a3be8060 JavaThread "Daemon worker" [_thread_in_vm, id=24904, stack(0x000000c1eab00000,0x000000c1eac00000)]
  0x00000293a3be8ed0 JavaThread "Asynchronous log dispatcher for DefaultDaemonConnection: socket connection from /127.0.0.1:60753 to /127.0.0.1:60755" [_thread_blocked, id=24912, stack(0x000000c1eac00000,0x000000c1ead00000)]
  0x00000293a3be93a0 JavaThread "Stdin handler" [_thread_blocked, id=24920, stack(0x000000c1ead00000,0x000000c1eae00000)]
  0x00000293a3bea210 JavaThread "Daemon client event forwarder" [_thread_blocked, id=24924, stack(0x000000c1eae00000,0x000000c1eaf00000)]
  0x00000293a3bea6e0 JavaThread "Cache worker for journal cache (C:\Users\Varun Sen\.gradle\caches\journal-1)" [_thread_blocked, id=24988, stack(0x000000c1eb300000,0x000000c1eb400000)]
  0x00000293a3beabb0 JavaThread "File lock request listener" [_thread_in_native, id=24992, stack(0x000000c1eb400000,0x000000c1eb500000)]
  0x00000293a3beb080 JavaThread "Cache worker for file hash cache (C:\Users\Varun Sen\.gradle\caches\7.3.3\fileHashes)" [_thread_blocked, id=24996, stack(0x000000c1eb500000,0x000000c1eb600000)]
  0x00000293a5224770 JavaThread "Cache worker for file hash cache (E:\Android\pizza-final\.gradle\7.3.3\fileHashes)" [_thread_blocked, id=25008, stack(0x000000c1eb700000,0x000000c1eb800000)]
  0x00000293a52242a0 JavaThread "File watcher server" daemon [_thread_in_native, id=25028, stack(0x000000c1eb600000,0x000000c1eb700000)]
  0x00000293a5223900 JavaThread "File watcher consumer" daemon [_thread_blocked, id=25032, stack(0x000000c1eb800000,0x000000c1eb900000)]
  0x00000293a5228ad0 JavaThread "jar transforms" [_thread_blocked, id=25048, stack(0x000000c1eb900000,0x000000c1eba00000)]
  0x00000293a5228600 JavaThread "jar transforms Thread 2" [_thread_blocked, id=25052, stack(0x000000c1eba00000,0x000000c1ebb00000)]
  0x00000293a5228fa0 JavaThread "jar transforms Thread 3" [_thread_blocked, id=25056, stack(0x000000c1ebb00000,0x000000c1ebc00000)]
  0x00000293a5223dd0 JavaThread "jar transforms Thread 4" [_thread_blocked, id=25060, stack(0x000000c1ebc00000,0x000000c1ebd00000)]
  0x00000293a5229470 JavaThread "jar transforms Thread 5" [_thread_blocked, id=25064, stack(0x000000c1ebd00000,0x000000c1ebe00000)]
  0x00000293a5226920 JavaThread "jar transforms Thread 6" [_thread_blocked, id=25068, stack(0x000000c1ebe00000,0x000000c1ebf00000)]
  0x00000293a5224c40 JavaThread "jar transforms Thread 7" [_thread_blocked, id=25072, stack(0x000000c1ebf00000,0x000000c1ec000000)]
  0x00000293a522a7b0 JavaThread "jar transforms Thread 8" [_thread_blocked, id=25076, stack(0x000000c1ec000000,0x000000c1ec100000)]
  0x00000293a5227790 JavaThread "Cache worker for checksums cache (E:\Android\pizza-final\.gradle\7.3.3\checksums)" [_thread_blocked, id=25100, stack(0x000000c1ec200000,0x000000c1ec300000)]
  0x00000293a5227c60 JavaThread "Cache worker for cache directory md-supplier (C:\Users\Varun Sen\.gradle\caches\7.3.3\md-supplier)" [_thread_blocked, id=25120, stack(0x000000c1ec300000,0x000000c1ec400000)]
  0x00000293a5225110 JavaThread "Cache worker for cache directory md-rule (C:\Users\Varun Sen\.gradle\caches\7.3.3\md-rule)" [_thread_blocked, id=25124, stack(0x000000c1ec400000,0x000000c1ec500000)]
  0x00000293a52255e0 JavaThread "Cache worker for execution history cache (C:\Users\Varun Sen\.gradle\caches\7.3.3\executionHistory)" [_thread_blocked, id=25132, stack(0x000000c1ec100000,0x000000c1ec200000)]
=>0x00000293a2f54750 JavaThread "C2 CompilerThread1" daemon [_thread_in_native, id=25136, stack(0x000000c1ec500000,0x000000c1ec600000)]
  0x00000293a5229e10 JavaThread "Cache worker for file content cache (C:\Users\Varun Sen\.gradle\caches\7.3.3\fileContent)" [_thread_blocked, id=25160, stack(0x000000c1ec600000,0x000000c1ec700000)]

Other Threads:
  0x00000293a0a2e600 VMThread "VM Thread" [stack: 0x000000c1e9400000,0x000000c1e9500000] [id=23852]
  0x0000029386c1fa50 WatcherThread [stack: 0x000000c1ea000000,0x000000c1ea100000] [id=24564]
  0x0000029386bf82c0 GCTaskThread "GC Thread#0" [stack: 0x000000c1e8f00000,0x000000c1e9000000] [id=15556]
  0x00000293a2376450 GCTaskThread "GC Thread#1" [stack: 0x000000c1ea200000,0x000000c1ea300000] [id=24632]
  0x00000293a217af80 GCTaskThread "GC Thread#2" [stack: 0x000000c1ea300000,0x000000c1ea400000] [id=24636]
  0x00000293a217b230 GCTaskThread "GC Thread#3" [stack: 0x000000c1ea400000,0x000000c1ea500000] [id=24640]
  0x00000293a2376040 GCTaskThread "GC Thread#4" [stack: 0x000000c1ea500000,0x000000c1ea600000] [id=24728]
  0x00000293a2fbf930 GCTaskThread "GC Thread#5" [stack: 0x000000c1eaf00000,0x000000c1eb000000] [id=24940]
  0x00000293a2ba4340 GCTaskThread "GC Thread#6" [stack: 0x000000c1eb000000,0x000000c1eb100000] [id=24944]
  0x00000293a4720720 GCTaskThread "GC Thread#7" [stack: 0x000000c1eb100000,0x000000c1eb200000] [id=24948]
  0x0000029386c098b0 ConcurrentGCThread "G1 Main Marker" [stack: 0x000000c1e9000000,0x000000c1e9100000] [id=21700]
  0x0000029386c0b1e0 ConcurrentGCThread "G1 Conc#0" [stack: 0x000000c1e9100000,0x000000c1e9200000] [id=23836]
  0x00000293a415f580 ConcurrentGCThread "G1 Conc#1" [stack: 0x000000c1eb200000,0x000000c1eb300000] [id=24952]
  0x00000293a08844f0 ConcurrentGCThread "G1 Refine#0" [stack: 0x000000c1e9200000,0x000000c1e9300000] [id=22620]
  0x00000293a0884e20 ConcurrentGCThread "G1 Service" [stack: 0x000000c1e9300000,0x000000c1e9400000] [id=13448]

Threads with active compile tasks:
C2 CompilerThread0    11928 3965   !   4       java.util.concurrent.ConcurrentHashMap::computeIfAbsent (576 bytes)
C2 CompilerThread1    11928 3959       4       java.lang.invoke.MethodType::makeImpl (109 bytes)

VM state: not at safepoint (normal execution)

VM Mutex/Monitor currently owned by a thread: None

Heap address: 0x0000000080000000, size: 2048 MB, Compressed Oops mode: 32-bit

CDS archive(s) not mapped
Compressed class space mapped at: 0x0000000100000000-0x0000000140000000, reserved size: 1073741824
Narrow klass base: 0x0000000000000000, Narrow klass shift: 3, Narrow klass range: 0x140000000

GC Precious Log:
 CPUs: 8 total, 8 available
 Memory: 12030M
 Large Page Support: Disabled
 NUMA Support: Disabled
 Compressed Oops: Enabled (32-bit)
 Heap Region Size: 1M
 Heap Min Capacity: 8M
 Heap Initial Capacity: 188M
 Heap Max Capacity: 2G
 Pre-touch: Disabled
 Parallel Workers: 8
 Concurrent Workers: 2
 Concurrent Refinement Workers: 8
 Periodic GC: Disabled

Heap:
 garbage-first heap   total 109568K, used 63165K [0x0000000080000000, 0x0000000100000000)
  region size 1024K, 4 young (4096K), 2 survivors (2048K)
 Metaspace       used 44678K, committed 45056K, reserved 1089536K
  class space    used 5883K, committed 6080K, reserved 1048576K

Heap Regions: E=young(eden), S=young(survivor), O=old, HS=humongous(starts), HC=humongous(continues), CS=collection set, F=free, OA=open archive, CA=closed archive, TAMS=top-at-mark-start (previous, next)
|   0|0x0000000080000000, 0x0000000080100000, 0x0000000080100000|100%| O|  |TAMS 0x0000000080100000, 0x0000000080000000| Untracked 
|   1|0x0000000080100000, 0x0000000080200000, 0x0000000080200000|100%| O|  |TAMS 0x0000000080200000, 0x0000000080100000| Untracked 
|   2|0x0000000080200000, 0x0000000080300000, 0x0000000080300000|100%| O|  |TAMS 0x0000000080300000, 0x0000000080200000| Untracked 
|   3|0x0000000080300000, 0x0000000080400000, 0x0000000080400000|100%|HS|  |TAMS 0x0000000080400000, 0x0000000080300000| Complete 
|   4|0x0000000080400000, 0x0000000080500000, 0x0000000080500000|100%|HC|  |TAMS 0x0000000080500000, 0x0000000080400000| Complete 
|   5|0x0000000080500000, 0x0000000080600000, 0x0000000080600000|100%|HC|  |TAMS 0x0000000080600000, 0x0000000080500000| Complete 
|   6|0x0000000080600000, 0x0000000080700000, 0x0000000080700000|100%| O|  |TAMS 0x0000000080700000, 0x0000000080600000| Untracked 
|   7|0x0000000080700000, 0x0000000080800000, 0x0000000080800000|100%| O|  |TAMS 0x0000000080800000, 0x0000000080700000| Untracked 
|   8|0x0000000080800000, 0x0000000080900000, 0x0000000080900000|100%| O|  |TAMS 0x0000000080900000, 0x0000000080800000| Untracked 
|   9|0x0000000080900000, 0x0000000080a00000, 0x0000000080a00000|100%|HS|  |TAMS 0x0000000080a00000, 0x0000000080900000| Complete 
|  10|0x0000000080a00000, 0x0000000080b00000, 0x0000000080b00000|100%| O|  |TAMS 0x0000000080b00000, 0x0000000080a00000| Untracked 
|  11|0x0000000080b00000, 0x0000000080c00000, 0x0000000080c00000|100%| O|  |TAMS 0x0000000080c00000, 0x0000000080b00000| Untracked 
|  12|0x0000000080c00000, 0x0000000080d00000, 0x0000000080d00000|100%| O|  |TAMS 0x0000000080d00000, 0x0000000080c00000| Untracked 
|  13|0x0000000080d00000, 0x0000000080e00000, 0x0000000080e00000|100%| O|  |TAMS 0x0000000080e00000, 0x0000000080d00000| Untracked 
|  14|0x0000000080e00000, 0x0000000080f00000, 0x0000000080f00000|100%| O|  |TAMS 0x0000000080f00000, 0x0000000080e00000| Untracked 
|  15|0x0000000080f00000, 0x0000000081000000, 0x0000000081000000|100%| O|  |TAMS 0x0000000081000000, 0x0000000080f00000| Untracked 
|  16|0x0000000081000000, 0x0000000081100000, 0x0000000081100000|100%| O|  |TAMS 0x0000000081100000, 0x0000000081000000| Untracked 
|  17|0x0000000081100000, 0x0000000081200000, 0x0000000081200000|100%| O|  |TAMS 0x0000000081200000, 0x0000000081100000| Untracked 
|  18|0x0000000081200000, 0x0000000081300000, 0x0000000081300000|100%| O|  |TAMS 0x00000000812cda00, 0x0000000081200000| Untracked 
|  19|0x0000000081300000, 0x0000000081400000, 0x0000000081400000|100%| O|  |TAMS 0x0000000081400000, 0x0000000081300000| Untracked 
|  20|0x0000000081400000, 0x0000000081500000, 0x0000000081500000|100%|HS|  |TAMS 0x0000000081500000, 0x0000000081400000| Complete 
|  21|0x0000000081500000, 0x0000000081600000, 0x0000000081600000|100%|HC|  |TAMS 0x0000000081600000, 0x0000000081500000| Complete 
|  22|0x0000000081600000, 0x0000000081700000, 0x0000000081700000|100%|HS|  |TAMS 0x0000000081700000, 0x0000000081600000| Complete 
|  23|0x0000000081700000, 0x0000000081800000, 0x0000000081800000|100%|HC|  |TAMS 0x0000000081800000, 0x0000000081700000| Complete 
|  24|0x0000000081800000, 0x0000000081900000, 0x0000000081900000|100%|HC|  |TAMS 0x0000000081900000, 0x0000000081800000| Complete 
|  25|0x0000000081900000, 0x0000000081a00000, 0x0000000081a00000|100%|HS|  |TAMS 0x0000000081a00000, 0x0000000081900000| Complete 
|  26|0x0000000081a00000, 0x0000000081b00000, 0x0000000081b00000|100%|HC|  |TAMS 0x0000000081b00000, 0x0000000081a00000| Complete 
|  27|0x0000000081b00000, 0x0000000081c00000, 0x0000000081c00000|100%|HC|  |TAMS 0x0000000081c00000, 0x0000000081b00000| Complete 
|  28|0x0000000081c00000, 0x0000000081d00000, 0x0000000081d00000|100%|HS|  |TAMS 0x0000000081d00000, 0x0000000081c00000| Complete 
|  29|0x0000000081d00000, 0x0000000081e00000, 0x0000000081e00000|100%|HC|  |TAMS 0x0000000081e00000, 0x0000000081d00000| Complete 
|  30|0x0000000081e00000, 0x0000000081f00000, 0x0000000081f00000|100%|HS|  |TAMS 0x0000000081f00000, 0x0000000081e00000| Complete 
|  31|0x0000000081f00000, 0x0000000082000000, 0x0000000082000000|100%|HC|  |TAMS 0x0000000082000000, 0x0000000081f00000| Complete 
|  32|0x0000000082000000, 0x0000000082100000, 0x0000000082100000|100%|HC|  |TAMS 0x0000000082100000, 0x0000000082000000| Complete 
|  33|0x0000000082100000, 0x0000000082200000, 0x0000000082200000|100%|HC|  |TAMS 0x0000000082200000, 0x0000000082100000| Complete 
|  34|0x0000000082200000, 0x0000000082300000, 0x0000000082300000|100%|HC|  |TAMS 0x0000000082300000, 0x0000000082200000| Complete 
|  35|0x0000000082300000, 0x0000000082400000, 0x0000000082400000|100%|HC|  |TAMS 0x0000000082400000, 0x0000000082300000| Complete 
|  36|0x0000000082400000, 0x0000000082500000, 0x0000000082500000|100%|HC|  |TAMS 0x0000000082500000, 0x0000000082400000| Complete 
|  37|0x0000000082500000, 0x0000000082600000, 0x0000000082600000|100%|HC|  |TAMS 0x0000000082600000, 0x0000000082500000| Complete 
|  38|0x0000000082600000, 0x0000000082700000, 0x0000000082700000|100%|HC|  |TAMS 0x0000000082700000, 0x0000000082600000| Complete 
|  39|0x0000000082700000, 0x0000000082800000, 0x0000000082800000|100%|HC|  |TAMS 0x0000000082800000, 0x0000000082700000| Complete 
|  40|0x0000000082800000, 0x0000000082900000, 0x0000000082900000|100%| O|  |TAMS 0x0000000082900000, 0x0000000082800000| Untracked 
|  41|0x0000000082900000, 0x0000000082a00000, 0x0000000082a00000|100%| O|  |TAMS 0x0000000082a00000, 0x0000000082900000| Untracked 
|  42|0x0000000082a00000, 0x0000000082b00000, 0x0000000082b00000|100%| O|  |TAMS 0x0000000082b00000, 0x0000000082a00000| Untracked 
|  43|0x0000000082b00000, 0x0000000082c00000, 0x0000000082c00000|100%| O|  |TAMS 0x0000000082b00000, 0x0000000082b00000| Untracked 
|  44|0x0000000082c00000, 0x0000000082d00000, 0x0000000082d00000|100%| O|  |TAMS 0x0000000082c00000, 0x0000000082c00000| Untracked 
|  45|0x0000000082d00000, 0x0000000082e00000, 0x0000000082e00000|100%|HS|  |TAMS 0x0000000082e00000, 0x0000000082d00000| Complete 
|  46|0x0000000082e00000, 0x0000000082f00000, 0x0000000082f00000|100%|HC|  |TAMS 0x0000000082f00000, 0x0000000082e00000| Complete 
|  47|0x0000000082f00000, 0x0000000083000000, 0x0000000083000000|100%|HS|  |TAMS 0x0000000083000000, 0x0000000082f00000| Complete 
|  48|0x0000000083000000, 0x0000000083100000, 0x0000000083100000|100%|HC|  |TAMS 0x0000000083100000, 0x0000000083000000| Complete 
|  49|0x0000000083100000, 0x0000000083200000, 0x0000000083200000|100%|HC|  |TAMS 0x0000000083200000, 0x0000000083100000| Complete 
|  50|0x0000000083200000, 0x0000000083300000, 0x0000000083300000|100%|HC|  |TAMS 0x0000000083300000, 0x0000000083200000| Complete 
|  51|0x0000000083300000, 0x0000000083400000, 0x0000000083400000|100%|HC|  |TAMS 0x0000000083400000, 0x0000000083300000| Complete 
|  52|0x0000000083400000, 0x0000000083500000, 0x0000000083500000|100%|HC|  |TAMS 0x0000000083500000, 0x0000000083400000| Complete 
|  53|0x0000000083500000, 0x0000000083600000, 0x0000000083600000|100%| O|  |TAMS 0x0000000083600000, 0x0000000083500000| Untracked 
|  54|0x0000000083600000, 0x0000000083700000, 0x0000000083700000|100%| O|  |TAMS 0x0000000083700000, 0x0000000083600000| Untracked 
|  55|0x0000000083700000, 0x0000000083800000, 0x0000000083800000|100%| O|  |TAMS 0x0000000083800000, 0x0000000083700000| Untracked 
|  56|0x0000000083800000, 0x0000000083900000, 0x0000000083900000|100%| O|  |TAMS 0x0000000083800000, 0x0000000083800000| Untracked 
|  57|0x0000000083900000, 0x0000000083a00000, 0x0000000083a00000|100%| O|  |TAMS 0x0000000083900000, 0x0000000083900000| Untracked 
|  58|0x0000000083a00000, 0x0000000083a00000, 0x0000000083b00000|  0%| F|  |TAMS 0x0000000083a00000, 0x0000000083a00000| Untracked 
|  59|0x0000000083b00000, 0x0000000083b00000, 0x0000000083c00000|  0%| F|  |TAMS 0x0000000083b00000, 0x0000000083b00000| Untracked 
|  60|0x0000000083c00000, 0x0000000083c00000, 0x0000000083d00000|  0%| F|  |TAMS 0x0000000083c00000, 0x0000000083c00000| Untracked 
|  61|0x0000000083d00000, 0x0000000083e00000, 0x0000000083e00000|100%| O|  |TAMS 0x0000000083d00000, 0x0000000083d00000| Untracked 
|  62|0x0000000083e00000, 0x0000000083e3be00, 0x0000000083f00000| 23%| O|  |TAMS 0x0000000083e00000, 0x0000000083e00000| Untracked 
|  63|0x0000000083f00000, 0x0000000083f00000, 0x0000000084000000|  0%| F|  |TAMS 0x0000000083f00000, 0x0000000083f00000| Untracked 
|  64|0x0000000084000000, 0x0000000084000000, 0x0000000084100000|  0%| F|  |TAMS 0x0000000084000000, 0x0000000084000000| Untracked 
|  65|0x0000000084100000, 0x0000000084100000, 0x0000000084200000|  0%| F|  |TAMS 0x0000000084100000, 0x0000000084100000| Untracked 
|  66|0x0000000084200000, 0x0000000084200000, 0x0000000084300000|  0%| F|  |TAMS 0x0000000084200000, 0x0000000084200000| Untracked 
|  67|0x0000000084300000, 0x0000000084300000, 0x0000000084400000|  0%| F|  |TAMS 0x0000000084300000, 0x0000000084300000| Untracked 
|  68|0x0000000084400000, 0x0000000084400000, 0x0000000084500000|  0%| F|  |TAMS 0x0000000084400000, 0x0000000084400000| Untracked 
|  69|0x0000000084500000, 0x0000000084500000, 0x0000000084600000|  0%| F|  |TAMS 0x0000000084500000, 0x0000000084500000| Untracked 
|  70|0x0000000084600000, 0x0000000084600000, 0x0000000084700000|  0%| F|  |TAMS 0x0000000084600000, 0x0000000084600000| Untracked 
|  71|0x0000000084700000, 0x0000000084700000, 0x0000000084800000|  0%| F|  |TAMS 0x0000000084700000, 0x0000000084700000| Untracked 
|  72|0x0000000084800000, 0x0000000084800000, 0x0000000084900000|  0%| F|  |TAMS 0x0000000084800000, 0x0000000084800000| Untracked 
|  73|0x0000000084900000, 0x0000000084900000, 0x0000000084a00000|  0%| F|  |TAMS 0x0000000084900000, 0x0000000084900000| Untracked 
|  74|0x0000000084a00000, 0x0000000084a00000, 0x0000000084b00000|  0%| F|  |TAMS 0x0000000084a00000, 0x0000000084a00000| Untracked 
|  75|0x0000000084b00000, 0x0000000084b00000, 0x0000000084c00000|  0%| F|  |TAMS 0x0000000084b00000, 0x0000000084b00000| Untracked 
|  76|0x0000000084c00000, 0x0000000084c00000, 0x0000000084d00000|  0%| F|  |TAMS 0x0000000084c00000, 0x0000000084c00000| Untracked 
|  77|0x0000000084d00000, 0x0000000084d00000, 0x0000000084e00000|  0%| F|  |TAMS 0x0000000084d00000, 0x0000000084d00000| Untracked 
|  78|0x0000000084e00000, 0x0000000084e00000, 0x0000000084f00000|  0%| F|  |TAMS 0x0000000084e00000, 0x0000000084e00000| Untracked 
|  79|0x0000000084f00000, 0x0000000084f00000, 0x0000000085000000|  0%| F|  |TAMS 0x0000000084f00000, 0x0000000084f00000| Untracked 
|  80|0x0000000085000000, 0x0000000085000000, 0x0000000085100000|  0%| F|  |TAMS 0x0000000085000000, 0x0000000085000000| Untracked 
|  81|0x0000000085100000, 0x0000000085100000, 0x0000000085200000|  0%| F|  |TAMS 0x0000000085100000, 0x0000000085100000| Untracked 
|  82|0x0000000085200000, 0x0000000085273938, 0x0000000085300000| 45%| S|CS|TAMS 0x0000000085200000, 0x0000000085200000| Complete 
|  83|0x0000000085300000, 0x0000000085400000, 0x0000000085400000|100%| S|CS|TAMS 0x0000000085300000, 0x0000000085300000| Complete 
|  84|0x0000000085400000, 0x0000000085400000, 0x0000000085500000|  0%| F|  |TAMS 0x0000000085400000, 0x0000000085400000| Untracked 
|  85|0x0000000085500000, 0x0000000085500000, 0x0000000085600000|  0%| F|  |TAMS 0x0000000085500000, 0x0000000085500000| Untracked 
|  86|0x0000000085600000, 0x0000000085600000, 0x0000000085700000|  0%| F|  |TAMS 0x0000000085600000, 0x0000000085600000| Untracked 
|  87|0x0000000085700000, 0x0000000085700000, 0x0000000085800000|  0%| F|  |TAMS 0x0000000085700000, 0x0000000085700000| Untracked 
|  88|0x0000000085800000, 0x0000000085800000, 0x0000000085900000|  0%| F|  |TAMS 0x0000000085800000, 0x0000000085800000| Untracked 
|  89|0x0000000085900000, 0x0000000085900000, 0x0000000085a00000|  0%| F|  |TAMS 0x0000000085900000, 0x0000000085900000| Untracked 
|  90|0x0000000085a00000, 0x0000000085a00000, 0x0000000085b00000|  0%| F|  |TAMS 0x0000000085a00000, 0x0000000085a00000| Untracked 
|  91|0x0000000085b00000, 0x0000000085b00000, 0x0000000085c00000|  0%| F|  |TAMS 0x0000000085b00000, 0x0000000085b00000| Untracked 
|  92|0x0000000085c00000, 0x0000000085c00000, 0x0000000085d00000|  0%| F|  |TAMS 0x0000000085c00000, 0x0000000085c00000| Untracked 
|  93|0x0000000085d00000, 0x0000000085d00000, 0x0000000085e00000|  0%| F|  |TAMS 0x0000000085d00000, 0x0000000085d00000| Untracked 
|  94|0x0000000085e00000, 0x0000000085e00000, 0x0000000085f00000|  0%| F|  |TAMS 0x0000000085e00000, 0x0000000085e00000| Untracked 
|  95|0x0000000085f00000, 0x0000000085f00000, 0x0000000086000000|  0%| F|  |TAMS 0x0000000085f00000, 0x0000000085f00000| Untracked 
|  96|0x0000000086000000, 0x0000000086000000, 0x0000000086100000|  0%| F|  |TAMS 0x0000000086000000, 0x0000000086000000| Untracked 
| 135|0x0000000088700000, 0x0000000088700000, 0x0000000088800000|  0%| F|  |TAMS 0x0000000088700000, 0x0000000088700000| Untracked 
| 136|0x0000000088800000, 0x0000000088800000, 0x0000000088900000|  0%| F|  |TAMS 0x0000000088800000, 0x0000000088800000| Untracked 
| 137|0x0000000088900000, 0x0000000088900000, 0x0000000088a00000|  0%| F|  |TAMS 0x0000000088900000, 0x0000000088900000| Untracked 
| 138|0x0000000088a00000, 0x0000000088a00000, 0x0000000088b00000|  0%| F|  |TAMS 0x0000000088a00000, 0x0000000088a00000| Untracked 
| 139|0x0000000088b00000, 0x0000000088b00000, 0x0000000088c00000|  0%| F|  |TAMS 0x0000000088b00000, 0x0000000088b00000| Untracked 
| 140|0x0000000088c00000, 0x0000000088c00000, 0x0000000088d00000|  0%| F|  |TAMS 0x0000000088c00000, 0x0000000088c00000| Untracked 
| 141|0x0000000088d00000, 0x0000000088d00000, 0x0000000088e00000|  0%| F|  |TAMS 0x0000000088d00000, 0x0000000088d00000| Untracked 
| 142|0x0000000088e00000, 0x0000000088e00000, 0x0000000088f00000|  0%| F|  |TAMS 0x0000000088e00000, 0x0000000088e00000| Untracked 
| 143|0x0000000088f00000, 0x0000000088f7e000, 0x0000000089000000| 49%| E|  |TAMS 0x0000000088f00000, 0x0000000088f00000| Complete 
| 187|0x000000008bb00000, 0x000000008bc00000, 0x000000008bc00000|100%| E|CS|TAMS 0x000000008bb00000, 0x000000008bb00000| Complete 

Card table byte_map: [0x00000293997b0000,0x0000029399bb0000] _byte_map_base: 0x00000293993b0000

Marking Bits (Prev, Next): (CMBitMap*) 0x0000029386bf8820, (CMBitMap*) 0x0000029386bf87e0
 Prev Bits: [0x000002939bfb0000, 0x000002939dfb0000)
 Next Bits: [0x0000029399fb0000, 0x000002939bfb0000)

Polling page: 0x0000029384af0000

Metaspace:

Usage:
  Non-class:     37.89 MB used.
      Class:      5.75 MB used.
       Both:     43.63 MB used.

Virtual space:
  Non-class space:       40.00 MB reserved,      38.06 MB ( 95%) committed,  5 nodes.
      Class space:        1.00 GB reserved,       5.94 MB ( <1%) committed,  1 nodes.
             Both:        1.04 GB reserved,      44.00 MB (  4%) committed. 

Chunk freelists:
   Non-Class:  1.28 MB
       Class:  2.03 MB
        Both:  3.31 MB

MaxMetaspaceSize: unlimited
CompressedClassSpaceSize: 1.00 GB
Initial GC threshold: 21.00 MB
Current GC threshold: 68.44 MB
CDS: off
MetaspaceReclaimPolicy: balanced
 - commit_granule_bytes: 65536.
 - commit_granule_words: 8192.
 - virtual_space_node_default_size: 1048576.
 - enlarge_chunks_in_place: 1.
 - new_chunks_are_fully_committed: 0.
 - uncommit_free_chunks: 1.
 - use_allocation_guard: 0.
 - handle_deallocations: 1.


Internal statistics:

num_allocs_failed_limit: 3.
num_arena_births: 382.
num_arena_deaths: 0.
num_vsnodes_births: 6.
num_vsnodes_deaths: 0.
num_space_committed: 704.
num_space_uncommitted: 0.
num_chunks_returned_to_freelist: 3.
num_chunks_taken_from_freelist: 1702.
num_chunk_merges: 3.
num_chunk_splits: 1110.
num_chunks_enlarged: 769.
num_purges: 0.
num_inconsistent_stats: 0.

CodeHeap 'non-profiled nmethods': size=120000Kb used=2352Kb max_used=2352Kb free=117647Kb
 bounds [0x0000029391b40000, 0x0000029391db0000, 0x0000029399070000]
CodeHeap 'profiled nmethods': size=120000Kb used=8194Kb max_used=8194Kb free=111805Kb
 bounds [0x000002938a070000, 0x000002938a880000, 0x00000293915a0000]
CodeHeap 'non-nmethods': size=5760Kb used=2301Kb max_used=2342Kb free=3458Kb
 bounds [0x00000293915a0000, 0x0000029391810000, 0x0000029391b40000]
 total_blobs=4747 nmethods=3948 adapters=711
 compilation: enabled
              stopped_count=0, restarted_count=0
 full_count=0

Compilation events (20 events):
Event: 11.766 Thread 0x00000293a144bb50 nmethod 3950 0x0000029391d87d10 code [0x0000029391d87ee0, 0x0000029391d88530]
Event: 11.768 Thread 0x00000293a2f54750 3955       4       java.util.jar.JarFile::getVersionedEntry (133 bytes)
Event: 11.797 Thread 0x00000293a2f54750 nmethod 3955 0x0000029391d88990 code [0x0000029391d88b60, 0x0000029391d89828]
Event: 11.804 Thread 0x00000293a2f54750 3958       4       com.google.common.collect.CollectPreconditions::checkEntryNotNull (100 bytes)
Event: 11.805 Thread 0x00000293a1461220 3956       3       com.google.common.collect.ImmutableCollection::<init> (5 bytes)
Event: 11.805 Thread 0x00000293a2f54750 nmethod 3958 0x0000029391d89d10 code [0x0000029391d89e80, 0x0000029391d89f18]
Event: 11.806 Thread 0x00000293a1461220 nmethod 3956 0x000002938a86fb90 code [0x000002938a86fd40, 0x000002938a86fef8]
Event: 11.806 Thread 0x00000293a1461220 3957       1       org.gradle.api.attributes.Attribute::hashCode (5 bytes)
Event: 11.806 Thread 0x00000293a1461220 nmethod 3957 0x0000029391d8a010 code [0x0000029391d8a1a0, 0x0000029391d8a278]
Event: 11.811 Thread 0x00000293a2f54750 3959       4       java.lang.invoke.MethodType::makeImpl (109 bytes)
Event: 11.811 Thread 0x00000293a144bb50 3960       4       java.lang.invoke.MethodType$ConcurrentWeakInternSet::get (47 bytes)
Event: 11.844 Thread 0x00000293a144bb50 nmethod 3960 0x0000029391d8a310 code [0x0000029391d8a500, 0x0000029391d8b448]
Event: 11.844 Thread 0x00000293a144bb50 3961       4       java.util.zip.CRC32::update (51 bytes)
Event: 11.847 Thread 0x00000293a144bb50 nmethod 3961 0x0000029391d8ba10 code [0x0000029391d8bba0, 0x0000029391d8bd58]
Event: 11.847 Thread 0x00000293a144bb50 3962       4       java.util.zip.CRC32::updateBytesCheck (55 bytes)
Event: 11.848 Thread 0x00000293a144bb50 nmethod 3962 0x0000029391d8bf10 code [0x0000029391d8c080, 0x0000029391d8c158]
Event: 11.868 Thread 0x00000293a1461220 3963       3       java.util.Collections$SingletonSet::contains (9 bytes)
Event: 11.869 Thread 0x00000293a1461220 nmethod 3963 0x000002938a870010 code [0x000002938a8701c0, 0x000002938a8704a8]
Event: 11.869 Thread 0x00000293a1461220 3964       3       java.util.Collections::eq (22 bytes)
Event: 11.869 Thread 0x00000293a1461220 nmethod 3964 0x000002938a870590 code [0x000002938a870740, 0x000002938a8709a8]

GC Heap History (20 events):
Event: 6.078 GC heap before
{Heap before GC invocations=4 (full 0):
 garbage-first heap   total 65536K, used 47333K [0x0000000080000000, 0x0000000100000000)
  region size 1024K, 38 young (38912K), 9 survivors (9216K)
 Metaspace       used 26230K, committed 26432K, reserved 1073152K
  class space    used 3414K, committed 3520K, reserved 1048576K
}
Event: 6.088 GC heap after
{Heap after GC invocations=5 (full 0):
 garbage-first heap   total 65536K, used 19105K [0x0000000080000000, 0x0000000100000000)
  region size 1024K, 2 young (2048K), 2 survivors (2048K)
 Metaspace       used 26230K, committed 26432K, reserved 1073152K
  class space    used 3414K, committed 3520K, reserved 1048576K
}
Event: 6.135 GC heap before
{Heap before GC invocations=5 (full 0):
 garbage-first heap   total 65536K, used 20129K [0x0000000080000000, 0x0000000100000000)
  region size 1024K, 3 young (3072K), 2 survivors (2048K)
 Metaspace       used 26422K, committed 26752K, reserved 1073152K
  class space    used 3444K, committed 3584K, reserved 1048576K
}
Event: 6.139 GC heap after
{Heap after GC invocations=6 (full 0):
 garbage-first heap   total 65536K, used 19267K [0x0000000080000000, 0x0000000100000000)
  region size 1024K, 1 young (1024K), 1 survivors (1024K)
 Metaspace       used 26422K, committed 26752K, reserved 1073152K
  class space    used 3444K, committed 3584K, reserved 1048576K
}
Event: 7.320 GC heap before
{Heap before GC invocations=6 (full 0):
 garbage-first heap   total 65536K, used 46915K [0x0000000080000000, 0x0000000100000000)
  region size 1024K, 19 young (19456K), 1 survivors (1024K)
 Metaspace       used 28902K, committed 29248K, reserved 1081344K
  class space    used 3869K, committed 4032K, reserved 1048576K
}
Event: 7.326 GC heap after
{Heap after GC invocations=7 (full 0):
 garbage-first heap   total 65536K, used 33711K [0x0000000080000000, 0x0000000100000000)
  region size 1024K, 4 young (4096K), 4 survivors (4096K)
 Metaspace       used 28902K, committed 29248K, reserved 1081344K
  class space    used 3869K, committed 4032K, reserved 1048576K
}
Event: 8.048 GC heap before
{Heap before GC invocations=8 (full 0):
 garbage-first heap   total 75776K, used 64431K [0x0000000080000000, 0x0000000100000000)
  region size 1024K, 17 young (17408K), 4 survivors (4096K)
 Metaspace       used 30579K, committed 30976K, reserved 1081344K
  class space    used 4163K, committed 4352K, reserved 1048576K
}
Event: 8.053 GC heap after
{Heap after GC invocations=9 (full 0):
 garbage-first heap   total 75776K, used 53602K [0x0000000080000000, 0x0000000100000000)
  region size 1024K, 1 young (1024K), 1 survivors (1024K)
 Metaspace       used 30579K, committed 30976K, reserved 1081344K
  class space    used 4163K, committed 4352K, reserved 1048576K
}
Event: 8.137 GC heap before
{Heap before GC invocations=9 (full 0):
 garbage-first heap   total 75776K, used 55650K [0x0000000080000000, 0x0000000100000000)
  region size 1024K, 3 young (3072K), 1 survivors (1024K)
 Metaspace       used 30811K, committed 31232K, reserved 1081344K
  class space    used 4201K, committed 4416K, reserved 1048576K
}
Event: 8.139 GC heap after
{Heap after GC invocations=10 (full 0):
 garbage-first heap   total 75776K, used 53524K [0x0000000080000000, 0x0000000100000000)
  region size 1024K, 1 young (1024K), 1 survivors (1024K)
 Metaspace       used 30811K, committed 31232K, reserved 1081344K
  class space    used 4201K, committed 4416K, reserved 1048576K
}
Event: 8.561 GC heap before
{Heap before GC invocations=10 (full 0):
 garbage-first heap   total 75776K, used 59668K [0x0000000080000000, 0x0000000100000000)
  region size 1024K, 8 young (8192K), 1 survivors (1024K)
 Metaspace       used 31908K, committed 32256K, reserved 1081344K
  class space    used 4366K, committed 4544K, reserved 1048576K
}
Event: 8.563 GC heap after
{Heap after GC invocations=11 (full 0):
 garbage-first heap   total 102400K, used 53854K [0x0000000080000000, 0x0000000100000000)
  region size 1024K, 1 young (1024K), 1 survivors (1024K)
 Metaspace       used 31908K, committed 32256K, reserved 1081344K
  class space    used 4366K, committed 4544K, reserved 1048576K
}
Event: 9.784 GC heap before
{Heap before GC invocations=12 (full 0):
 garbage-first heap   total 102400K, used 77406K [0x0000000080000000, 0x0000000100000000)
  region size 1024K, 25 young (25600K), 1 survivors (1024K)
 Metaspace       used 36812K, committed 37184K, reserved 1081344K
  class space    used 4985K, committed 5184K, reserved 1048576K
}
Event: 9.789 GC heap after
{Heap after GC invocations=13 (full 0):
 garbage-first heap   total 102400K, used 55865K [0x0000000080000000, 0x0000000100000000)
  region size 1024K, 3 young (3072K), 3 survivors (3072K)
 Metaspace       used 36812K, committed 37184K, reserved 1081344K
  class space    used 4985K, committed 5184K, reserved 1048576K
}
Event: 10.540 GC heap before
{Heap before GC invocations=13 (full 0):
 garbage-first heap   total 102400K, used 79417K [0x0000000080000000, 0x0000000100000000)
  region size 1024K, 27 young (27648K), 3 survivors (3072K)
 Metaspace       used 40516K, committed 40896K, reserved 1089536K
  class space    used 5376K, committed 5568K, reserved 1048576K
}
Event: 10.547 GC heap after
{Heap after GC invocations=14 (full 0):
 garbage-first heap   total 102400K, used 59190K [0x0000000080000000, 0x0000000100000000)
  region size 1024K, 4 young (4096K), 4 survivors (4096K)
 Metaspace       used 40516K, committed 40896K, reserved 1089536K
  class space    used 5376K, committed 5568K, reserved 1048576K
}
Event: 10.791 GC heap before
{Heap before GC invocations=15 (full 0):
 garbage-first heap   total 102400K, used 68406K [0x0000000080000000, 0x0000000100000000)
  region size 1024K, 15 young (15360K), 4 survivors (4096K)
 Metaspace       used 41004K, committed 41408K, reserved 1089536K
  class space    used 5432K, committed 5632K, reserved 1048576K
}
Event: 10.798 GC heap after
{Heap after GC invocations=16 (full 0):
 garbage-first heap   total 102400K, used 61114K [0x0000000080000000, 0x0000000100000000)
  region size 1024K, 2 young (2048K), 2 survivors (2048K)
 Metaspace       used 41004K, committed 41408K, reserved 1089536K
  class space    used 5432K, committed 5632K, reserved 1048576K
}
Event: 11.831 GC heap before
{Heap before GC invocations=17 (full 0):
 garbage-first heap   total 109568K, used 84666K [0x0000000080000000, 0x0000000100000000)
  region size 1024K, 23 young (23552K), 2 survivors (2048K)
 Metaspace       used 44532K, committed 44928K, reserved 1089536K
  class space    used 5857K, committed 6080K, reserved 1048576K
}
Event: 11.836 GC heap after
{Heap after GC invocations=18 (full 0):
 garbage-first heap   total 109568K, used 62141K [0x0000000080000000, 0x0000000100000000)
  region size 1024K, 2 young (2048K), 2 survivors (2048K)
 Metaspace       used 44532K, committed 44928K, reserved 1089536K
  class space    used 5857K, committed 6080K, reserved 1048576K
}

Dll operation events (2 events):
Event: 0.023 Loaded shared library C:\Program Files\Android\Android Studio\jbr\bin\java.dll
Event: 0.964 Loaded shared library C:\Program Files\Android\Android Studio\jbr\bin\verify.dll

Deoptimization events (20 events):
Event: 10.995 Thread 0x00000293a5223dd0 Uncommon trap: trap_request=0xffffff45 fr.pc=0x0000029391c14638 relative=0x0000000000000218
Event: 10.995 Thread 0x00000293a5223dd0 Uncommon trap: reason=unstable_if action=reinterpret pc=0x0000029391c14638 method=java.util.StringTokenizer.scanToken(I)I @ 42 c2
Event: 10.995 Thread 0x00000293a5223dd0 DEOPT PACKING pc=0x0000029391c14638 sp=0x000000c1ebcfe080
Event: 10.995 Thread 0x00000293a5223dd0 DEOPT UNPACKING pc=0x00000293915fa1a3 sp=0x000000c1ebcfe010 mode 2
Event: 11.009 Thread 0x00000293a5223dd0 Uncommon trap: trap_request=0xffffff45 fr.pc=0x0000029391ca16ac relative=0x00000000000004ec
Event: 11.009 Thread 0x00000293a5223dd0 Uncommon trap: reason=unstable_if action=reinterpret pc=0x0000029391ca16ac method=java.lang.StringLatin1.regionMatchesCI([BI[BII)Z @ 72 c2
Event: 11.009 Thread 0x00000293a5223dd0 DEOPT PACKING pc=0x0000029391ca16ac sp=0x000000c1ebcfe1a0
Event: 11.009 Thread 0x00000293a5223dd0 DEOPT UNPACKING pc=0x00000293915fa1a3 sp=0x000000c1ebcfe010 mode 2
Event: 11.009 Thread 0x00000293a5223dd0 Uncommon trap: trap_request=0xffffff45 fr.pc=0x0000029391c28b8c relative=0x000000000000064c
Event: 11.009 Thread 0x00000293a5223dd0 Uncommon trap: reason=unstable_if action=reinterpret pc=0x0000029391c28b8c method=java.lang.StringLatin1.regionMatchesCI([BI[BII)Z @ 72 c2
Event: 11.009 Thread 0x00000293a5223dd0 DEOPT PACKING pc=0x0000029391c28b8c sp=0x000000c1ebcfe190
Event: 11.009 Thread 0x00000293a5223dd0 DEOPT UNPACKING pc=0x00000293915fa1a3 sp=0x000000c1ebcfe088 mode 2
Event: 11.018 Thread 0x00000293a5223dd0 Uncommon trap: trap_request=0xffffff45 fr.pc=0x0000029391c2a7d4 relative=0x0000000000000494
Event: 11.018 Thread 0x00000293a5223dd0 Uncommon trap: reason=unstable_if action=reinterpret pc=0x0000029391c2a7d4 method=java.lang.StringLatin1.regionMatchesCI([BI[BII)Z @ 72 c2
Event: 11.018 Thread 0x00000293a5223dd0 DEOPT PACKING pc=0x0000029391c2a7d4 sp=0x000000c1ebcfe080
Event: 11.018 Thread 0x00000293a5223dd0 DEOPT UNPACKING pc=0x00000293915fa1a3 sp=0x000000c1ebcfe010 mode 2
Event: 11.867 Thread 0x00000293a3be9870 Uncommon trap: trap_request=0xffffffbe fr.pc=0x0000029391d24098 relative=0x00000000000004b8
Event: 11.867 Thread 0x00000293a3be9870 Uncommon trap: reason=profile_predicate action=maybe_recompile pc=0x0000029391d24098 method=java.util.stream.ReferencePipeline.forEachWithCancel(Ljava/util/Spliterator;Ljava/util/stream/Sink;)Z @ 8 c2
Event: 11.867 Thread 0x00000293a3be9870 DEOPT PACKING pc=0x0000029391d24098 sp=0x000000c1ea6fe9f0
Event: 11.868 Thread 0x00000293a3be9870 DEOPT UNPACKING pc=0x00000293915fa1a3 sp=0x000000c1ea6fe990 mode 2

Classes unloaded (0 events):
No events

Classes redefined (0 events):
No events

Internal exceptions (20 events):
Event: 10.930 Thread 0x00000293a3be8060 Exception <a 'java/lang/ClassNotFoundException'{0x0000000088fcad58}: groovy/lang/ClosureBeanInfo> (0x0000000088fcad58) 
thrown [s\src\hotspot\share\classfile\systemDictionary.cpp, line 256]
Event: 10.932 Thread 0x00000293a3be8060 Exception <a 'java/lang/ClassNotFoundException'{0x0000000088fefa88}: groovy/lang/ClosureCustomizer> (0x0000000088fefa88) 
thrown [s\src\hotspot\share\classfile\systemDictionary.cpp, line 256]
Event: 10.937 Thread 0x00000293a3be8060 Exception <a 'java/lang/ClassNotFoundException'{0x0000000088e376e8}: groovy/lang/Closure$1Customizer> (0x0000000088e376e8) 
thrown [s\src\hotspot\share\classfile\systemDictionary.cpp, line 256]
Event: 10.978 Thread 0x00000293a5223dd0 Exception <a 'sun/nio/fs/WindowsException'{0x0000000088eeca80}> (0x0000000088eeca80) 
thrown [s\src\hotspot\share\prims\jni.cpp, line 517]
Event: 11.029 Thread 0x00000293a5223dd0 Exception <a 'sun/nio/fs/WindowsException'{0x0000000088c378c0}> (0x0000000088c378c0) 
thrown [s\src\hotspot\share\prims\jni.cpp, line 517]
Event: 11.031 Thread 0x00000293a5223dd0 Exception <a 'sun/nio/fs/WindowsException'{0x0000000088c37ae0}> (0x0000000088c37ae0) 
thrown [s\src\hotspot\share\prims\jni.cpp, line 517]
Event: 11.046 Thread 0x00000293a3be8060 Exception <a 'java/lang/ClassNotFoundException'{0x0000000088cb28f0}: sync_studio_tooling14434_8xn0rulcth56w19ljgzh0bql4BeanInfo> (0x0000000088cb28f0) 
thrown [s\src\hotspot\share\classfile\systemDictionary.cpp, line 256]
Event: 11.046 Thread 0x00000293a3be8060 Exception <a 'java/lang/ClassNotFoundException'{0x0000000088cb9598}: sync_studio_tooling14434_8xn0rulcth56w19ljgzh0bql4Customizer> (0x0000000088cb9598) 
thrown [s\src\hotspot\share\classfile\systemDictionary.cpp, line 256]
Event: 11.056 Thread 0x00000293a3be8060 Exception <a 'java/lang/ClassNotFoundException'{0x0000000088b06ea0}: org/gradle/internal/metaobject/ConfigureDelegateBeanInfo> (0x0000000088b06ea0) 
thrown [s\src\hotspot\share\classfile\systemDictionary.cpp, line 256]
Event: 11.061 Thread 0x00000293a3be8060 Exception <a 'java/lang/ClassNotFoundException'{0x0000000088b178c8}: org/gradle/internal/metaobject/ConfigureDelegateCustomizer> (0x0000000088b178c8) 
thrown [s\src\hotspot\share\classfile\systemDictionary.cpp, line 256]
Event: 11.084 Thread 0x00000293a3be8060 Exception <a 'java/lang/ClassNotFoundException'{0x0000000088b6a418}: org/gradle/api/internal/initialization/DefaultScriptHandlerBeanInfo> (0x0000000088b6a418) 
thrown [s\src\hotspot\share\classfile\systemDictionary.cpp, line 256]
Event: 11.085 Thread 0x00000293a3be8060 Exception <a 'java/lang/ClassNotFoundException'{0x0000000088b7baa8}: org/gradle/api/internal/initialization/DefaultScriptHandlerCustomizer> (0x0000000088b7baa8) 
thrown [s\src\hotspot\share\classfile\systemDictionary.cpp, line 256]
Event: 11.347 Thread 0x00000293a3be8060 Exception <a 'java/lang/ClassNotFoundException'{0x0000000085f98cb0}: org/gradle/api/internal/artifacts/dsl/dependencies/DefaultDependencyHandler_DecoratedBeanInfo> (0x0000000085f98cb0) 
thrown [s\src\hotspot\share\classfile\systemDictionary.cpp, line 256]
Event: 11.350 Thread 0x00000293a3be8060 Exception <a 'java/lang/ClassNotFoundException'{0x0000000085fafab8}: org/gradle/api/internal/artifacts/dsl/dependencies/DefaultDependencyHandlerBeanInfo> (0x0000000085fafab8) 
thrown [s\src\hotspot\share\classfile\systemDictionary.cpp, line 256]
Event: 11.352 Thread 0x00000293a3be8060 Exception <a 'java/lang/ClassNotFoundException'{0x0000000085fc6880}: org/gradle/api/internal/artifacts/dsl/dependencies/DefaultDependencyHandlerCustomizer> (0x0000000085fc6880) 
thrown [s\src\hotspot\share\classfile\systemDictionary.cpp, line 256]
Event: 11.368 Thread 0x00000293a3be8060 Exception <a 'java/lang/ClassNotFoundException'{0x0000000085e05528}: org/gradle/api/internal/artifacts/dsl/dependencies/DefaultDependencyHandler_DecoratedCustomizer> (0x0000000085e05528) 
thrown [s\src\hotspot\share\classfile\systemDictionary.cpp, line 256]
Event: 11.471 Thread 0x00000293a3be8060 Exception <a 'java/lang/NoSuchMethodError'{0x0000000085cea250}: 'java.lang.Object java.lang.invoke.DirectMethodHandle$Holder.newInvokeSpecial(java.lang.Object, int, java.lang.Object)'> (0x0000000085cea250) 
thrown [s\src\hotspot\share\interpreter\linkResolver.cpp, line 771]
Event: 11.692 Thread 0x00000293a3be8060 Exception <a 'java/lang/NoSuchMethodError'{0x000000008556f8e0}: 'int java.lang.invoke.DirectMethodHandle$Holder.invokeInterface(java.lang.Object, java.lang.Object)'> (0x000000008556f8e0) 
thrown [s\src\hotspot\share\interpreter\linkResolver.cpp, line 771]
Event: 11.693 Thread 0x00000293a3be8060 Exception <a 'java/lang/IncompatibleClassChangeError'{0x0000000085573bb8}: Found class java.lang.Object, but interface was expected> (0x0000000085573bb8) 
thrown [s\src\hotspot\share\interpreter\linkResolver.cpp, line 838]
Event: 11.698 Thread 0x00000293a3be8060 Exception <a 'java/lang/NoSuchMethodError'{0x000000008557b5e8}: 'int java.lang.invoke.DirectMethodHandle$Holder.invokeSpecialIFC(java.lang.Object, java.lang.Object, java.lang.Object, java.lang.Object, java.lang.Object)'> (0x000000008557b5e8) 
thrown [s\src\hotspot\share\interpreter\linkResolver.cpp, line 771]

VM Operations (20 events):
Event: 10.574 Executing VM operation: G1Concurrent
Event: 10.578 Executing VM operation: G1Concurrent done
Event: 10.589 Executing VM operation: G1Concurrent
Event: 10.589 Executing VM operation: G1Concurrent done
Event: 10.791 Executing VM operation: G1TryInitiateConcMark
Event: 10.799 Executing VM operation: G1TryInitiateConcMark done
Event: 10.829 Executing VM operation: G1Concurrent
Event: 10.833 Executing VM operation: G1Concurrent done
Event: 10.848 Executing VM operation: G1Concurrent
Event: 10.865 Executing VM operation: G1Concurrent done
Event: 11.006 Executing VM operation: HandshakeAllThreads
Event: 11.007 Executing VM operation: HandshakeAllThreads done
Event: 11.263 Executing VM operation: HandshakeAllThreads
Event: 11.263 Executing VM operation: HandshakeAllThreads done
Event: 11.298 Executing VM operation: HandshakeAllThreads
Event: 11.298 Executing VM operation: HandshakeAllThreads done
Event: 11.299 Executing VM operation: HandshakeAllThreads
Event: 11.299 Executing VM operation: HandshakeAllThreads done
Event: 11.831 Executing VM operation: G1CollectForAllocation
Event: 11.836 Executing VM operation: G1CollectForAllocation done

Events (20 events):
Event: 10.985 loading class java/nio/charset/UnsupportedCharsetException
Event: 10.985 loading class java/nio/charset/UnsupportedCharsetException done
Event: 10.985 loading class java/util/zip/Deflater
Event: 10.986 loading class java/util/zip/Deflater done
Event: 10.987 loading class java/util/zip/Deflater$DeflaterZStreamRef
Event: 10.987 loading class java/util/zip/Deflater$DeflaterZStreamRef done
Event: 10.992 loading class java/nio/channels/Channels
Event: 10.993 loading class java/nio/channels/Channels done
Event: 10.993 loading class sun/nio/ch/ChannelInputStream
Event: 10.993 loading class sun/nio/ch/ChannelInputStream done
Event: 11.028 loading class java/nio/file/StandardCopyOption
Event: 11.028 loading class java/nio/file/StandardCopyOption done
Event: 11.029 loading class sun/nio/fs/WindowsFileCopy
Event: 11.029 loading class sun/nio/fs/WindowsFileCopy done
Event: 11.691 loading class java/util/Collections$ReverseComparator
Event: 11.691 loading class java/util/Collections$ReverseComparator done
Event: 11.691 loading class java/util/Comparators$NaturalOrderComparator
Event: 11.692 loading class java/util/Comparators$NaturalOrderComparator done
Event: 11.692 loading class java/util/Collections$ReverseComparator2
Event: 11.692 loading class java/util/Collections$ReverseComparator2 done


Dynamic libraries:
0x00007ff6eafc0000 - 0x00007ff6eafca000 	C:\Program Files\Android\Android Studio\jbr\bin\java.exe
0x00007ffd76010000 - 0x00007ffd76205000 	C:\Windows\SYSTEM32\ntdll.dll
0x00007ffd75630000 - 0x00007ffd756ed000 	C:\Windows\System32\KERNEL32.DLL
0x00007ffd73750000 - 0x00007ffd73a17000 	C:\Windows\System32\KERNELBASE.dll
0x00007ffd73f40000 - 0x00007ffd74040000 	C:\Windows\System32\ucrtbase.dll
0x00007ffd64510000 - 0x00007ffd6452b000 	C:\Program Files\Android\Android Studio\jbr\bin\VCRUNTIME140.dll
0x00007ffd63ef0000 - 0x00007ffd63f07000 	C:\Program Files\Android\Android Studio\jbr\bin\jli.dll
0x00007ffd75230000 - 0x00007ffd753d0000 	C:\Windows\System32\USER32.dll
0x00007ffd73e40000 - 0x00007ffd73e62000 	C:\Windows\System32\win32u.dll
0x00007ffd74ba0000 - 0x00007ffd74bca000 	C:\Windows\System32\GDI32.dll
0x00007ffd73ac0000 - 0x00007ffd73bc9000 	C:\Windows\System32\gdi32full.dll
0x00007ffd73a20000 - 0x00007ffd73abd000 	C:\Windows\System32\msvcp_win.dll
0x00007ffd60880000 - 0x00007ffd60b1b000 	C:\Windows\WinSxS\amd64_microsoft.windows.common-controls_6595b64144ccf1df_6.0.19041.488_none_ca04af081b815d21\COMCTL32.dll
0x00007ffd75f30000 - 0x00007ffd75fce000 	C:\Windows\System32\msvcrt.dll
0x00007ffd759c0000 - 0x00007ffd759f0000 	C:\Windows\System32\IMM32.DLL
0x00007ffd6ef90000 - 0x00007ffd6ef9c000 	C:\Program Files\Android\Android Studio\jbr\bin\vcruntime140_1.dll
0x00007ffd62470000 - 0x00007ffd624fd000 	C:\Program Files\Android\Android Studio\jbr\bin\msvcp140.dll
0x00007ffd156a0000 - 0x00007ffd1630d000 	C:\Program Files\Android\Android Studio\jbr\bin\server\jvm.dll
0x00007ffd75580000 - 0x00007ffd7562a000 	C:\Windows\System32\ADVAPI32.dll
0x00007ffd756f0000 - 0x00007ffd7578b000 	C:\Windows\System32\sechost.dll
0x00007ffd75890000 - 0x00007ffd759b4000 	C:\Windows\System32\RPCRT4.dll
0x00007ffd6ee70000 - 0x00007ffd6ee79000 	C:\Windows\SYSTEM32\WSOCK32.dll
0x00007ffd5f1a0000 - 0x00007ffd5f1c7000 	C:\Windows\SYSTEM32\WINMM.dll
0x00007ffd750a0000 - 0x00007ffd7510b000 	C:\Windows\System32\WS2_32.dll
0x00007ffd6ba70000 - 0x00007ffd6ba7a000 	C:\Windows\SYSTEM32\VERSION.dll
0x00007ffd716c0000 - 0x00007ffd716d3000 	C:\Windows\SYSTEM32\kernel.appcore.dll
0x00007ffd6ede0000 - 0x00007ffd6edea000 	C:\Program Files\Android\Android Studio\jbr\bin\jimage.dll
0x00007ffd70f90000 - 0x00007ffd71174000 	C:\Windows\SYSTEM32\DBGHELP.DLL
0x00007ffd5c5c0000 - 0x00007ffd5c5ec000 	C:\Windows\SYSTEM32\dbgcore.DLL
0x00007ffd73ec0000 - 0x00007ffd73f3f000 	C:\Windows\System32\bcryptPrimitives.dll
0x00007ffd4f0a0000 - 0x00007ffd4f0c5000 	C:\Program Files\Android\Android Studio\jbr\bin\java.dll
0x00007ffd6c520000 - 0x00007ffd6c538000 	C:\Program Files\Android\Android Studio\jbr\bin\zip.dll
0x00007ffd74120000 - 0x00007ffd74861000 	C:\Windows\System32\SHELL32.dll
0x00007ffd71870000 - 0x00007ffd72003000 	C:\Windows\SYSTEM32\windows.storage.dll
0x00007ffd759f0000 - 0x00007ffd75d45000 	C:\Windows\System32\combase.dll
0x00007ffd73150000 - 0x00007ffd7317c000 	C:\Windows\SYSTEM32\Wldp.dll
0x00007ffd75e80000 - 0x00007ffd75f2e000 	C:\Windows\System32\SHCORE.dll
0x00007ffd75d50000 - 0x00007ffd75da5000 	C:\Windows\System32\shlwapi.dll
0x00007ffd73680000 - 0x00007ffd736a6000 	C:\Windows\SYSTEM32\profapi.dll
0x00007ffd69d10000 - 0x00007ffd69d29000 	C:\Program Files\Android\Android Studio\jbr\bin\net.dll
0x00007ffd62150000 - 0x00007ffd62250000 	C:\Windows\SYSTEM32\WINHTTP.dll
0x00007ffd72e20000 - 0x00007ffd72e8a000 	C:\Windows\system32\mswsock.dll
0x00007ffd62860000 - 0x00007ffd62876000 	C:\Program Files\Android\Android Studio\jbr\bin\nio.dll
0x00007ffd629a0000 - 0x00007ffd629b0000 	C:\Program Files\Android\Android Studio\jbr\bin\verify.dll
0x00007ffd63f10000 - 0x00007ffd63f37000 	C:\Users\Varun Sen\.gradle\native\e1d6ef7f7dcc3fd88c89a11ec53ec762bb8ba0a96d01ffa2cd45eb1d1d8dd5c5\windows-amd64\native-platform.dll
0x00007ffd61400000 - 0x00007ffd61544000 	C:\Users\Varun Sen\.gradle\native\5664cfc778a61ccfe75a443a1ab52a65af34e5dc3c78e0209fed803814484fcb\windows-amd64\native-platform-file-events.dll
0x00007ffd64630000 - 0x00007ffd64639000 	C:\Program Files\Android\Android Studio\jbr\bin\management.dll
0x00007ffd639b0000 - 0x00007ffd639bb000 	C:\Program Files\Android\Android Studio\jbr\bin\management_ext.dll
0x00007ffd74950000 - 0x00007ffd74958000 	C:\Windows\System32\PSAPI.DLL
0x00007ffd72fc0000 - 0x00007ffd72fd8000 	C:\Windows\SYSTEM32\CRYPTSP.dll
0x00007ffd727c0000 - 0x00007ffd727f4000 	C:\Windows\system32\rsaenh.dll
0x00007ffd74040000 - 0x00007ffd74067000 	C:\Windows\System32\bcrypt.dll
0x00007ffd73600000 - 0x00007ffd7362e000 	C:\Windows\SYSTEM32\USERENV.dll
0x00007ffd72fe0000 - 0x00007ffd72fec000 	C:\Windows\SYSTEM32\CRYPTBASE.dll
0x00007ffd72b20000 - 0x00007ffd72b5b000 	C:\Windows\SYSTEM32\IPHLPAPI.DLL
0x00007ffd75790000 - 0x00007ffd75799000 	C:\Windows\System32\NSI.dll
0x00007ffd688e0000 - 0x00007ffd688f7000 	C:\Windows\SYSTEM32\dhcpcsvc6.DLL
0x00007ffd6b130000 - 0x00007ffd6b14d000 	C:\Windows\SYSTEM32\dhcpcsvc.DLL
0x00007ffd72b60000 - 0x00007ffd72c2b000 	C:\Windows\SYSTEM32\DNSAPI.dll
0x00007ffd48350000 - 0x00007ffd48357000 	C:\Windows\system32\wshunix.dll

dbghelp: loaded successfully - version: 4.0.5 - missing functions: none
symbol engine: initialized successfully - sym options: 0x614 - pdb path: .;C:\Program Files\Android\Android Studio\jbr\bin;C:\Windows\SYSTEM32;C:\Windows\WinSxS\amd64_microsoft.windows.common-controls_6595b64144ccf1df_6.0.19041.488_none_ca04af081b815d21;C:\Program Files\Android\Android Studio\jbr\bin\server;C:\Users\Varun Sen\.gradle\native\e1d6ef7f7dcc3fd88c89a11ec53ec762bb8ba0a96d01ffa2cd45eb1d1d8dd5c5\windows-amd64;C:\Users\Varun Sen\.gradle\native\5664cfc778a61ccfe75a443a1ab52a65af34e5dc3c78e0209fed803814484fcb\windows-amd64

VM Arguments:
jvm_args: --add-opens=java.base/java.util=ALL-UNNAMED --add-opens=java.base/java.lang=ALL-UNNAMED --add-opens=java.base/java.lang.invoke=ALL-UNNAMED --add-opens=java.base/java.util=ALL-UNNAMED --add-opens=java.prefs/java.util.prefs=ALL-UNNAMED --add-opens=java.prefs/java.util.prefs=ALL-UNNAMED --add-opens=java.base/java.nio.charset=ALL-UNNAMED --add-opens=java.base/java.net=ALL-UNNAMED --add-opens=java.base/java.util.concurrent.atomic=ALL-UNNAMED -Xmx2048m -Dfile.encoding=UTF-8 -Duser.country=IN -Duser.language=en -Duser.variant 
java_command: org.gradle.launcher.daemon.bootstrap.GradleDaemon 7.3.3
java_class_path (initial): C:\Users\Varun Sen\.gradle\wrapper\dists\gradle-7.3.3-bin\6a41zxkdtcxs8rphpq6y0069z\gradle-7.3.3\lib\gradle-launcher-7.3.3.jar
Launcher Type: SUN_STANDARD

[Global flags]
     intx CICompilerCount                          = 4                                         {product} {ergonomic}
     uint ConcGCThreads                            = 2                                         {product} {ergonomic}
     uint G1ConcRefinementThreads                  = 8                                         {product} {ergonomic}
   size_t G1HeapRegionSize                         = 1048576                                   {product} {ergonomic}
    uintx GCDrainStackTargetSize                   = 64                                        {product} {ergonomic}
   size_t InitialHeapSize                          = 197132288                                 {product} {ergonomic}
   size_t MarkStackSize                            = 4194304                                   {product} {ergonomic}
   size_t MaxHeapSize                              = 2147483648                                {product} {command line}
   size_t MaxNewSize                               = 1287651328                                {product} {ergonomic}
   size_t MinHeapDeltaBytes                        = 1048576                                   {product} {ergonomic}
   size_t MinHeapSize                              = 8388608                                   {product} {ergonomic}
    uintx NonNMethodCodeHeapSize                   = 5839372                                {pd product} {ergonomic}
    uintx NonProfiledCodeHeapSize                  = 122909434                              {pd product} {ergonomic}
    uintx ProfiledCodeHeapSize                     = 122909434                              {pd product} {ergonomic}
    uintx ReservedCodeCacheSize                    = 251658240                              {pd product} {ergonomic}
     bool SegmentedCodeCache                       = true                                      {product} {ergonomic}
   size_t SoftMaxHeapSize                          = 2147483648                             {manageable} {ergonomic}
     bool UseCompressedClassPointers               = true                           {product lp64_product} {ergonomic}
     bool UseCompressedOops                        = true                           {product lp64_product} {ergonomic}
     bool UseG1GC                                  = true                                      {product} {ergonomic}
     bool UseLargePagesIndividualAllocation        = false                                  {pd product} {ergonomic}

Logging:
Log output configuration:
 #0: stdout all=warning uptime,level,tags
 #1: stderr all=off uptime,level,tags

Environment Variables:
JAVA_HOME=C:\Program Files\Java\jdk1.8.0_45
PATH=C:\Program Files\Common Files\Oracle\Java\javapath;C:\Program Files (x86)\NVIDIA Corporation\PhysX\Common;C:\Windows\system32;C:\Windows;C:\Windows\System32\Wbem;C:\Windows\System32\WindowsPowerShell\v1.0\;C:\Windows\System32\OpenSSH\;%USERPROFILE%\.dnx\bin;C:\Program Files\Microsoft DNX\Dnvm\;C:\MinGW\bin;C:\Program Files\dotnet\;C:\Program Files\Git\cmd;C:\Users\Varun Sen\.cargo\bin;C:\Program Files\MySQL\MySQL Shell 8.0\bin\;C:\Users\Varun Sen\AppData\Local\Programs\Python\Python38-32\Scripts\;C:\Users\Varun Sen\AppData\Local\Programs\Python\Python38-32\;C:\Users\Varun Sen\AppData\Local\Microsoft\WindowsApps;C:\Users\Varun Sen\AppData\Local\Programs\Microsoft VS Code\bin;C:\Program Files (x86)\mingw-w64\i686-8.1.0-posix-dwarf-rt_v6-rev0\mingw32\bin;C:\Program Files\JetBrains\IntelliJ IDEA Community Edition 2021.2.3\bin
USERNAME=Varun Sen
OS=Windows_NT
PROCESSOR_IDENTIFIER=Intel64 Family 6 Model 126 Stepping 5, GenuineIntel
TMP=C:\Users\VARUNS~1\AppData\Local\Temp
TEMP=C:\Users\VARUNS~1\AppData\Local\Temp



---------------  S Y S T E M  ---------------

OS:
 Windows 10 , 64 bit Build 19041 (10.0.19041.292)
OS uptime: 1 days 23:56 hours
Hyper-V role detected

CPU: total 8 (initial active 8) (4 cores per cpu, 2 threads per core) family 6 model 126 stepping 5 microcode 0xa6, cx8, cmov, fxsr, ht, mmx, 3dnowpref, sse, sse2, sse3, ssse3, sse4.1, sse4.2, popcnt, lzcnt, tsc, tscinvbit, avx, avx2, aes, erms, clmul, bmi1, bmi2, adx, avx512f, avx512dq, avx512cd, avx512bw, avx512vl, sha, fma, vzeroupper, avx512_vpopcntdq, avx512_vpclmulqdq, avx512_vaes, avx512_vnni, clflush, clflushopt, avx512_vbmi2, avx512_vbmi, hv

Memory: 4k page, system-wide physical 12030M (336M free)
TotalPageFile size 42395M (AvailPageFile size 2M)
current process WorkingSet (physical memory assigned to process): 243M, peak: 250M
current process commit charge ("private bytes"): 283M, peak: 327M

vm_info: OpenJDK 64-Bit Server VM (17.0.6+0-b2043.56-9586694) for windows-amd64 JRE (17.0.6+0-b2043.56-9586694), built on Feb  9 2023 20:06:20 by "androidbuild" with MS VC++ 16.10 / 16.11 (VS2019)

END.
